Unity Editor version:    2020.3.33f1 (915a7af8b0d5)
Branch:                  2020.3/staging
Build type:              Release
Batch mode:              YES
macOS version:           Version 12.1 (Build 21C52)
Darwin version:          21.2.0
Architecture:            x86_64
Running under Rosetta:   YES
Available memory:        8192 MB
Using pre-set license
Pro License: NO

COMMAND LINE ARGUMENTS:
/Applications/Unity/Hub/Editor/2020.3.33f1/Unity.app/Contents/MacOS/Unity
-adb2
-batchMode
-noUpm
-name
AssetImportWorker0
-projectPath
/Users/betty/Documents/GitHub/Laval/Laval
-logFile
Logs/AssetImportWorker0.log
-srvPort
53052
Successfully changed project path to: /Users/betty/Documents/GitHub/Laval/Laval
/Users/betty/Documents/GitHub/Laval/Laval
Using Asset Import Pipeline V2.
Refreshing native plugins compatible for Editor in 88.35 ms, found 4 plugins.
Preloading 1 native plugins for Editor in 5.94 ms.
Initialize engine version: 2020.3.33f1 (915a7af8b0d5)
[Subsystems] Discovering subsystems at path /Applications/Unity/Hub/Editor/2020.3.33f1/Unity.app/Contents/Resources/UnitySubsystems
[Subsystems] Discovering subsystems at path /Users/betty/Documents/GitHub/Laval/Laval/Assets
GfxDevice: creating device client; threaded=0
2022-04-11 21:32:51.415 Unity[62280:1442911] (null) preferred device: Apple M1 (high power)
2022-04-11 21:32:51.415 Unity[62280:1442911] Metal devices available: 1
2022-04-11 21:32:51.415 Unity[62280:1442911] 0: Apple M1 (high power)
2022-04-11 21:32:51.416 Unity[62280:1442911] Using device Apple M1 (high power)
Initializing Metal device caps: Apple M1
Initialize mono
Mono path[0] = '/Applications/Unity/Hub/Editor/2020.3.33f1/Unity.app/Contents/Managed'
Mono path[1] = '/Applications/Unity/Hub/Editor/2020.3.33f1/Unity.app/Contents/MonoBleedingEdge/lib/mono/unityjit'
Mono config path = '/Applications/Unity/Hub/Editor/2020.3.33f1/Unity.app/Contents/MonoBleedingEdge/etc'
Using monoOptions --debugger-agent=transport=dt_socket,embedding=1,server=y,suspend=n,address=127.0.0.1:56280
Begin MonoManager ReloadAssembly
Registering precompiled unity dll's ...
Register platform support module: /Applications/Unity/Hub/Editor/2020.3.33f1/Unity.app/Contents/PlaybackEngines/MacStandaloneSupport/UnityEditor.OSXStandalone.Extensions.dll
Register platform support module: /Applications/Unity/Hub/Editor/2020.3.33f1/PlaybackEngines/LuminSupport/UnityEditor.Lumin.Extensions.dll
Registered in 0.001560 seconds.
Native extension for Lumin target not found
Native extension for OSXStandalone target not found
Refreshing native plugins compatible for Editor in 44.30 ms, found 4 plugins.
Preloading 1 native plugins for Editor in 0.27 ms.
Mono: successfully reloaded assembly
- Completed reload, in  1.278 seconds
Domain Reload Profiling:
	ReloadAssembly (1278ms)
		BeginReloadAssembly (106ms)
			ExecutionOrderSort (0ms)
			DisableScriptedObjects (0ms)
			BackupInstance (0ms)
			ReleaseScriptingObjects (0ms)
			CreateAndSetChildDomain (2ms)
		EndReloadAssembly (1041ms)
			LoadAssemblies (107ms)
			RebuildTransferFunctionScriptingTraits (0ms)
			SetupTypeCache (180ms)
			ReleaseScriptCaches (0ms)
			RebuildScriptCaches (38ms)
			SetupLoadedEditorAssemblies (530ms)
				LogAssemblyErrors (0ms)
				InitializePlatformSupportModulesInManaged (13ms)
				SetLoadedEditorAssemblies (1ms)
				RefreshPlugins (45ms)
				BeforeProcessingInitializeOnLoad (80ms)
				ProcessInitializeOnLoadAttributes (295ms)
				ProcessInitializeOnLoadMethodAttributes (96ms)
				AfterProcessingInitializeOnLoad (0ms)
				EditorAssembliesLoaded (1ms)
			ExecutionOrderSort2 (0ms)
			AwakeInstancesAfterBackupRestoration (0ms)
Platform modules already initialized, skipping
Registering precompiled user dll's ...
Registered in 0.002994 seconds.
Begin MonoManager ReloadAssembly
Symbol file LoadedFromMemory doesn't match image /Users/betty/Documents/GitHub/Laval/Laval/Library/PackageCache/com.unity.collab-proxy@1.15.15/Lib/Editor/PlasticSCM/unityplastic.dll
Native extension for Lumin target not found
Native extension for OSXStandalone target not found
Refreshing native plugins compatible for Editor in 46.56 ms, found 4 plugins.
Preloading 1 native plugins for Editor in 0.30 ms.
Mono: successfully reloaded assembly
- Completed reload, in  2.349 seconds
Domain Reload Profiling:
	ReloadAssembly (2351ms)
		BeginReloadAssembly (241ms)
			ExecutionOrderSort (0ms)
			DisableScriptedObjects (31ms)
			BackupInstance (0ms)
			ReleaseScriptingObjects (0ms)
			CreateAndSetChildDomain (30ms)
		EndReloadAssembly (2022ms)
			LoadAssemblies (196ms)
			RebuildTransferFunctionScriptingTraits (0ms)
			SetupTypeCache (351ms)
			ReleaseScriptCaches (1ms)
			RebuildScriptCaches (56ms)
			SetupLoadedEditorAssemblies (1102ms)
				LogAssemblyErrors (0ms)
				InitializePlatformSupportModulesInManaged (10ms)
				SetLoadedEditorAssemblies (1ms)
				RefreshPlugins (47ms)
				BeforeProcessingInitializeOnLoad (184ms)
				ProcessInitializeOnLoadAttributes (832ms)
				ProcessInitializeOnLoadMethodAttributes (27ms)
				AfterProcessingInitializeOnLoad (1ms)
				EditorAssembliesLoaded (0ms)
			ExecutionOrderSort2 (0ms)
			AwakeInstancesAfterBackupRestoration (29ms)
Platform modules already initialized, skipping
Validating Project structure ... 0.000884 seconds.
Shader import version has changed; will reimport all shaders...
Upgrading shader files ...0.001084 seconds.
Application.AssetDatabase Initial Script Refresh Start
RefreshInfo: InitialScriptRefreshV2(NoUpdateAssetOptions) scanfilter:  ... 1 filters
RefreshProfiler: Total: 0.000ms
Application.AssetDatabase Initial Script Refresh End
Application.AssetDatabase.Refresh Start
Application.AssetDatabase.Refresh End
RefreshInfo: StopAssetImportingV2(ForceSynchronousImport) scanfilter: 
RefreshProfiler: Total: 0.000ms
Launching external process: /Applications/Unity/Hub/Editor/2020.3.33f1/Unity.app/Contents/Tools/UnityShaderCompiler
Launched and connected shader compiler UnityShaderCompiler after 0.03 seconds
Initializing Unity extensions:
2022-04-11 21:32:56.418 Unity[62280:1442911] NSEventModifierFlagFunction specified to -setKeyEquivalentModifierMask: for item <NSMenuItem: 0x600000719810 Font Asset, ke='Command-F12'>, but is only supported for system-provided menu items; will not be used
2022-04-11 21:32:56.422 Unity[62280:1442911] NSEventModifierFlagFunction specified to -setKeyEquivalentModifierMask: for item <NSMenuItem: 0x60000076f790 Font Asset, ke='Command-F12'>, but is only supported for system-provided menu items; will not be used
========================================================================
Worker process is ready to serve import requests
Refreshing native plugins compatible for Editor in 0.52 ms, found 4 plugins.
Preloading 1 native plugins for Editor in 0.26 ms.
Unloading 2714 Unused Serialized files (Serialized files now loaded: 0)
System memory in use before: 230.4 MB.
System memory in use after: 229.7 MB.

Unloading 162 unused Assets to reduce memory usage. Loaded Objects now: 3188.
Total: 2.768917 ms (FindLiveObjects: 0.138459 ms CreateObjectMapping: 0.056000 ms MarkObjects: 2.140167 ms  DeleteObjects: 0.432542 ms)

AssetImportParameters requested are different than current active one (requested -> active):
  custom:video-decoder-ogg-theora: a1e56fd34408186e4bbccfd4996cb3dc -> 
  custom:container-muxer-webm: aa71ff27fc2769a1b78a27578f13a17b -> 
  custom:container-demuxer-webm: 4f35f7cbe854078d1ac9338744f61a02 -> 
  custom:container-demuxer-ogg: 62fdf1f143b41e24485cea50d1cbac27 -> 
  custom:video-encoder-webm-vp8: eb34c28f22e8b96e1ab97ce403110664 -> 
  custom:framework-osx-AVFoundation: e770b220cccbd017edd2c1fefb359320 -> 
  custom:video-decoder-webm-vp8: 9c59270c3fd7afecdb556c50c9e8de78 -> 
  custom:audio-decoder-ogg-vorbis: bf7c407c2cedff20999df2af8eb42d56 -> 
  custom:audio-encoder-webm-vorbis: bf7c407c2cedff20999df2af8eb42d56 -> 
========================================================================
Received Import Request.
  path: Assets/Scenes/Image-tracking.unity
  artifactKey: Guid(27252ec11fc2e477596f41db6c53e523) Importer(815301076,1909f56bfc062723c751e8b465ee728b)
Start importing Assets/Scenes/Image-tracking.unity using Guid(27252ec11fc2e477596f41db6c53e523) Importer(815301076,1909f56bfc062723c751e8b465ee728b)  -> (artifact id: '49000283cbf290b1057d6fdf3361467d') in 0.007344 seconds 
========================================================================
Received Import Request.
  Time since last request: 17.141240 seconds.
  path: Packages/com.magicleap.unitysdk/Tools/LuminUnity-ToolsRef.asmref
  artifactKey: Guid(5e4bca91d5d448e439ba4664f2bad285) Importer(815301076,1909f56bfc062723c751e8b465ee728b)
Start importing Packages/com.magicleap.unitysdk/Tools/LuminUnity-ToolsRef.asmref using Guid(5e4bca91d5d448e439ba4664f2bad285) Importer(815301076,1909f56bfc062723c751e8b465ee728b)  -> (artifact id: '2af373ad5a101b8e399cd12e7db80121') in 0.117003 seconds 
========================================================================
Received Import Request.
  Time since last request: 1.796388 seconds.
  path: Packages/com.magicleap.unitysdk/Tools/Prefabs/Main Camera.prefab
  artifactKey: Guid(24158fb1437dc8e418d893939758764d) Importer(815301076,1909f56bfc062723c751e8b465ee728b)
Start importing Packages/com.magicleap.unitysdk/Tools/Prefabs/Main Camera.prefab using Guid(24158fb1437dc8e418d893939758764d) Importer(815301076,1909f56bfc062723c751e8b465ee728b)  -> (artifact id: '02cc9cb84639cee7e0057a931306b77d') in 0.162857 seconds 
========================================================================
Received Import Request.
  Time since last request: 0.000231 seconds.
  path: Packages/com.magicleap.unitysdk/Tools/Prefabs/MLWebRTCVideoSinkBehavior.prefab
  artifactKey: Guid(d8071916bf3fc044d845828c9c34ce16) Importer(815301076,1909f56bfc062723c751e8b465ee728b)
Start importing Packages/com.magicleap.unitysdk/Tools/Prefabs/MLWebRTCVideoSinkBehavior.prefab using Guid(d8071916bf3fc044d845828c9c34ce16) Importer(815301076,1909f56bfc062723c751e8b465ee728b)  -> (artifact id: '259e3effd1e7944e8190c68b0fb008a3') in 0.394602 seconds 
========================================================================
Received Import Request.
  Time since last request: 47.391698 seconds.
  path: Assets/Materials
  artifactKey: Guid(462ab1eaeba7c4a7692c4d302ba148dd) Importer(815301076,1909f56bfc062723c751e8b465ee728b)
Start importing Assets/Materials using Guid(462ab1eaeba7c4a7692c4d302ba148dd) Importer(815301076,1909f56bfc062723c751e8b465ee728b)  -> (artifact id: 'b9c5aa4607e7022992bb0d3edd04c199') in 0.004965 seconds 
========================================================================
Received Import Request.
  Time since last request: 0.000369 seconds.
  path: Assets/Materials/Blue Metal.mat
  artifactKey: Guid(bc67dc046c5fe45f48b7a74f7ee0c451) Importer(815301076,1909f56bfc062723c751e8b465ee728b)
Start importing Assets/Materials/Blue Metal.mat using Guid(bc67dc046c5fe45f48b7a74f7ee0c451) Importer(815301076,1909f56bfc062723c751e8b465ee728b)  -> (artifact id: '7a048d4da2f241081e40e5c393a805d2') in 0.355477 seconds 
========================================================================
Received Import Request.
  Time since last request: 0.000212 seconds.
  path: Assets/Materials/Earth.mat
  artifactKey: Guid(db788ed11cf874185989895f05e906e0) Importer(815301076,1909f56bfc062723c751e8b465ee728b)
Start importing Assets/Materials/Earth.mat using Guid(db788ed11cf874185989895f05e906e0) Importer(815301076,1909f56bfc062723c751e8b465ee728b)  -> (artifact id: '5518026ad9575cc2e3562616d625d690') in 0.014046 seconds 
========================================================================
Received Prepare
Refreshing native plugins compatible for Editor in 17.08 ms, found 4 plugins.
Preloading 1 native plugins for Editor in 2.04 ms.
Unloading 14 Unused Serialized files (Serialized files now loaded: 0)
System memory in use before: 190.1 MB.
System memory in use after: 190.3 MB.

Unloading 14 unused Assets to reduce memory usage. Loaded Objects now: 3229.
Total: 71.809000 ms (FindLiveObjects: 0.489000 ms CreateObjectMapping: 0.069417 ms MarkObjects: 71.212083 ms  DeleteObjects: 0.037417 ms)

AssetImportParameters requested are different than current active one (requested -> active):
  custom:video-decoder-ogg-theora: a1e56fd34408186e4bbccfd4996cb3dc -> 
  custom:container-muxer-webm: aa71ff27fc2769a1b78a27578f13a17b -> 
  custom:container-demuxer-webm: 4f35f7cbe854078d1ac9338744f61a02 -> 
  custom:container-demuxer-ogg: 62fdf1f143b41e24485cea50d1cbac27 -> 
  custom:video-encoder-webm-vp8: eb34c28f22e8b96e1ab97ce403110664 -> 
  custom:framework-osx-AVFoundation: e770b220cccbd017edd2c1fefb359320 -> 
  custom:video-decoder-webm-vp8: 9c59270c3fd7afecdb556c50c9e8de78 -> 
  custom:audio-decoder-ogg-vorbis: bf7c407c2cedff20999df2af8eb42d56 -> 
  custom:audio-encoder-webm-vorbis: bf7c407c2cedff20999df2af8eb42d56 -> 
========================================================================
Received Prepare
Refreshing native plugins compatible for Editor in 5.43 ms, found 4 plugins.
Preloading 1 native plugins for Editor in 6.73 ms.
Unloading 14 Unused Serialized files (Serialized files now loaded: 0)
System memory in use before: 190.5 MB.
System memory in use after: 190.7 MB.

Unloading 14 unused Assets to reduce memory usage. Loaded Objects now: 3229.
Total: 92.727500 ms (FindLiveObjects: 4.454917 ms CreateObjectMapping: 0.064875 ms MarkObjects: 87.894500 ms  DeleteObjects: 0.311125 ms)

AssetImportParameters requested are different than current active one (requested -> active):
  custom:video-decoder-ogg-theora: a1e56fd34408186e4bbccfd4996cb3dc -> 
  custom:container-muxer-webm: aa71ff27fc2769a1b78a27578f13a17b -> 
  custom:container-demuxer-webm: 4f35f7cbe854078d1ac9338744f61a02 -> 
  custom:container-demuxer-ogg: 62fdf1f143b41e24485cea50d1cbac27 -> 
  custom:video-encoder-webm-vp8: eb34c28f22e8b96e1ab97ce403110664 -> 
  custom:framework-osx-AVFoundation: e770b220cccbd017edd2c1fefb359320 -> 
  custom:video-decoder-webm-vp8: 9c59270c3fd7afecdb556c50c9e8de78 -> 
  custom:audio-decoder-ogg-vorbis: bf7c407c2cedff20999df2af8eb42d56 -> 
  custom:audio-encoder-webm-vorbis: bf7c407c2cedff20999df2af8eb42d56 -> 
========================================================================
Received Import Request.
  Time since last request: 3482.550896 seconds.
  path: Assets/XR/XRGeneralSettings.asset
  artifactKey: Guid(54fd6d6587ea243728044c89c3673e7c) Importer(815301076,1909f56bfc062723c751e8b465ee728b)
Start importing Assets/XR/XRGeneralSettings.asset using Guid(54fd6d6587ea243728044c89c3673e7c) Importer(815301076,1909f56bfc062723c751e8b465ee728b)  -> (artifact id: 'ecb48e5f5ed21907cfa13ea663d779e8') in 0.267734 seconds 
========================================================================
Received Import Request.
  Time since last request: 0.000488 seconds.
  path: Assets/XR/Settings/Magic Leap Settings.asset
  artifactKey: Guid(ed2288c2d4e744cb2873615413b92e1c) Importer(815301076,1909f56bfc062723c751e8b465ee728b)
Start importing Assets/XR/Settings/Magic Leap Settings.asset using Guid(ed2288c2d4e744cb2873615413b92e1c) Importer(815301076,1909f56bfc062723c751e8b465ee728b)  -> (artifact id: '52d10c1edf1ca8f1ba02ea3b82d33a1f') in 0.004731 seconds 
========================================================================
Received Import Request.
  Time since last request: 0.000276 seconds.
  path: Assets/XRI/Settings/Resources/InteractionLayerSettings.asset
  artifactKey: Guid(00dcbb307d0bd4912982bd2bcf6953fa) Importer(815301076,1909f56bfc062723c751e8b465ee728b)
Start importing Assets/XRI/Settings/Resources/InteractionLayerSettings.asset using Guid(00dcbb307d0bd4912982bd2bcf6953fa) Importer(815301076,1909f56bfc062723c751e8b465ee728b)  -> (artifact id: '1c9979597260d81db6ef5bb161f1c24d') in 0.024949 seconds 
========================================================================
Received Import Request.
  Time since last request: 0.000247 seconds.
  path: Assets/Samples/XR Interaction Toolkit/2.0.1/XR Device Simulator/XR Device Simulator Controls.inputactions
  artifactKey: Guid(da2b439d1a2de5c46a4f428f8cf4fe19) Importer(815301076,1909f56bfc062723c751e8b465ee728b)
Start importing Assets/Samples/XR Interaction Toolkit/2.0.1/XR Device Simulator/XR Device Simulator Controls.inputactions using Guid(da2b439d1a2de5c46a4f428f8cf4fe19) Importer(815301076,1909f56bfc062723c751e8b465ee728b)  -> (artifact id: 'bbcb17524a39bab94a43784bfc13cd96') in 0.129921 seconds 
========================================================================
Received Import Request.
  Time since last request: 0.000263 seconds.
  path: Assets/Plugins/Lumin/MagicLeapManifestSettings.asset
  artifactKey: Guid(e2efa91250b5b49e1890791f78a85562) Importer(815301076,1909f56bfc062723c751e8b465ee728b)
Start importing Assets/Plugins/Lumin/MagicLeapManifestSettings.asset using Guid(e2efa91250b5b49e1890791f78a85562) Importer(815301076,1909f56bfc062723c751e8b465ee728b)  -> (artifact id: '6fb3616925cb4b41cdc63ad991c22274') in 0.015825 seconds 
========================================================================
Received Import Request.
  Time since last request: 0.000245 seconds.
  path: Assets/magic-leap-setup-tool/Editor/MagicLeap.SetupTool.Editor.asmdef
  artifactKey: Guid(0674fc64a782e7648af1c27735bf4ad5) Importer(815301076,1909f56bfc062723c751e8b465ee728b)
Start importing Assets/magic-leap-setup-tool/Editor/MagicLeap.SetupTool.Editor.asmdef using Guid(0674fc64a782e7648af1c27735bf4ad5) Importer(815301076,1909f56bfc062723c751e8b465ee728b)  -> (artifact id: 'cbc8c6dd8631a522015b2aff8e0f554d') in 0.049683 seconds 
========================================================================
Received Import Request.
  Time since last request: 12.923156 seconds.
  path: Assets/magic-leap-setup-tool/Editor/MLSDKRegistryPackageImporter.cs
  artifactKey: Guid(6b734886aab6c0a46a14042b5f3c8849) Importer(815301076,1909f56bfc062723c751e8b465ee728b)
Start importing Assets/magic-leap-setup-tool/Editor/MLSDKRegistryPackageImporter.cs using Guid(6b734886aab6c0a46a14042b5f3c8849) Importer(815301076,1909f56bfc062723c751e8b465ee728b)  -> (artifact id: '8a027aa50214d48aefedf4aaa8e95d77') in 1.380898 seconds 
========================================================================
Received Import Request.
  Time since last request: 63.809799 seconds.
  path: Assets/StreamingAssets/MLImageLibraries
  artifactKey: Guid(5217d7083aa94434a841621c88dbc6fe) Importer(815301076,1909f56bfc062723c751e8b465ee728b)
Start importing Assets/StreamingAssets/MLImageLibraries using Guid(5217d7083aa94434a841621c88dbc6fe) Importer(815301076,1909f56bfc062723c751e8b465ee728b)  -> (artifact id: '533fc2518e62776ab3e81697faa5025f') in 0.004919 seconds 
========================================================================
Received Import Request.
  Time since last request: 324.086744 seconds.
  path: Packages/com.unity.xr.legacyinputhelpers/Editor/TrackedPoseDriver/UnityEditor.SpatialTracking.asmdef
  artifactKey: Guid(b13a1d1dfb13f1b489a0ff5612f36f29) Importer(815301076,1909f56bfc062723c751e8b465ee728b)
Start importing Packages/com.unity.xr.legacyinputhelpers/Editor/TrackedPoseDriver/UnityEditor.SpatialTracking.asmdef using Guid(b13a1d1dfb13f1b489a0ff5612f36f29) Importer(815301076,1909f56bfc062723c751e8b465ee728b)  -> (artifact id: '37acf390e57421fc42c44ad0e26a3bcb') in 0.011845 seconds 
========================================================================
Received Import Request.
  Time since last request: 0.001233 seconds.
  path: Packages/com.unity.xr.legacyinputhelpers/Runtime/TrackedPoseDriver/UnityEngine.SpatialTracking.asmdef
  artifactKey: Guid(ba171b3dd2a51234ab864770f99741a5) Importer(815301076,1909f56bfc062723c751e8b465ee728b)
Start importing Packages/com.unity.xr.legacyinputhelpers/Runtime/TrackedPoseDriver/UnityEngine.SpatialTracking.asmdef using Guid(ba171b3dd2a51234ab864770f99741a5) Importer(815301076,1909f56bfc062723c751e8b465ee728b)  -> (artifact id: '9d7e04f80ab644cfb1cf135254535154') in 0.001260 seconds 
========================================================================
Received Import Request.
  Time since last request: 0.000235 seconds.
  path: Packages/com.unity.xr.legacyinputhelpers/Tests/Runtime/TrackedPoseDriver/UnityEngine.SpatialTracking.Tests.asmdef
  artifactKey: Guid(0ed2122ec3d57864e862de5fb40f7eae) Importer(815301076,1909f56bfc062723c751e8b465ee728b)
Start importing Packages/com.unity.xr.legacyinputhelpers/Tests/Runtime/TrackedPoseDriver/UnityEngine.SpatialTracking.Tests.asmdef using Guid(0ed2122ec3d57864e862de5fb40f7eae) Importer(815301076,1909f56bfc062723c751e8b465ee728b)  -> (artifact id: '4772f9c503530848f38c1f7ecac35f25') in 0.002531 seconds 
========================================================================
Received Import Request.
  Time since last request: 2.822172 seconds.
  path: Packages/com.unity.xr.magicleap/Runtime/Meshing/MLSpatialMapper.cs
  artifactKey: Guid(2900a6968c451a44481c09cc0a260539) Importer(815301076,1909f56bfc062723c751e8b465ee728b)
Start importing Packages/com.unity.xr.magicleap/Runtime/Meshing/MLSpatialMapper.cs using Guid(2900a6968c451a44481c09cc0a260539) Importer(815301076,1909f56bfc062723c751e8b465ee728b)  -> (artifact id: '3b69f1b615c9f85c0337236d3141f6e8') in 0.003167 seconds 
========================================================================
Received Import Request.
  Time since last request: 27.527455 seconds.
  path: Packages/com.unity.xr.magicleap/Editor/MLSpatialMapperEditor.cs
  artifactKey: Guid(50917095f6f539746b08800f06545fff) Importer(815301076,1909f56bfc062723c751e8b465ee728b)
Start importing Packages/com.unity.xr.magicleap/Editor/MLSpatialMapperEditor.cs using Guid(50917095f6f539746b08800f06545fff) Importer(815301076,1909f56bfc062723c751e8b465ee728b)  -> (artifact id: '50f03bdcc0e1afeadf035d9102edde91') in 0.007149 seconds 
========================================================================
Received Import Request.
  Time since last request: 121.946363 seconds.
  path: Assets/Samples/XR Interaction Toolkit/2.0.1/XR Device Simulator/XR Device Simulator.prefab
  artifactKey: Guid(9f5a24a380916d14db9775daab4fe333) Importer(815301076,1909f56bfc062723c751e8b465ee728b)
Start importing Assets/Samples/XR Interaction Toolkit/2.0.1/XR Device Simulator/XR Device Simulator.prefab using Guid(9f5a24a380916d14db9775daab4fe333) Importer(815301076,1909f56bfc062723c751e8b465ee728b)  -> (artifact id: '3b2c4526b7e038578e7bc9fa16f4ce05') in 0.118581 seconds 
========================================================================
Received Import Request.
  Time since last request: 0.000479 seconds.
  path: Packages/com.unity.xr.legacyinputhelpers/Prefabs/XRRig.prefab
  artifactKey: Guid(c116b7497ab8ca34c9188965d4295e27) Importer(815301076,1909f56bfc062723c751e8b465ee728b)
Start importing Packages/com.unity.xr.legacyinputhelpers/Prefabs/XRRig.prefab using Guid(c116b7497ab8ca34c9188965d4295e27) Importer(815301076,1909f56bfc062723c751e8b465ee728b)  -> (artifact id: '53e5402df3ba6997afeb4e074ac5eb80') in 0.062606 seconds 
========================================================================
Received Import Request.
  Time since last request: 67.747980 seconds.
  path: Assets/Original.prefab
  artifactKey: Guid(41a3d0d41510644d59f3fd8263b15845) Importer(815301076,1909f56bfc062723c751e8b465ee728b)
Start importing Assets/Original.prefab using Guid(41a3d0d41510644d59f3fd8263b15845) Importer(815301076,1909f56bfc062723c751e8b465ee728b)  -> (artifact id: 'd44e665fd9934f7b98766fdcd67436a7') in 0.031139 seconds 
========================================================================
Received Import Request.
  Time since last request: 54.434466 seconds.
  path: Packages/com.unity.inputsystem/InputSystem/Editor/Icons/d_Orientation.png
  artifactKey: Guid(c933c2bcad7ef46309fde7c1cf11b39a) Importer(815301076,1909f56bfc062723c751e8b465ee728b)
Start importing Packages/com.unity.inputsystem/InputSystem/Editor/Icons/d_Orientation.png using Guid(c933c2bcad7ef46309fde7c1cf11b39a) Importer(815301076,1909f56bfc062723c751e8b465ee728b)  -> (artifact id: 'f4697d7d980e8aa71d56040e64a70483') in 0.950196 seconds 
========================================================================
Received Import Request.
  Time since last request: 0.000218 seconds.
  path: Packages/com.unity.inputsystem/InputSystem/Editor/Icons/d_Orientation@2x.png
  artifactKey: Guid(cae83450c8b18499c8c0239edf8bcc31) Importer(815301076,1909f56bfc062723c751e8b465ee728b)
Start importing Packages/com.unity.inputsystem/InputSystem/Editor/Icons/d_Orientation@2x.png using Guid(cae83450c8b18499c8c0239edf8bcc31) Importer(815301076,1909f56bfc062723c751e8b465ee728b)  -> (artifact id: '92f94ae31d898697eda4f96049758fc0') in 0.009738 seconds 
========================================================================
Received Import Request.
  Time since last request: 0.000247 seconds.
  path: Packages/com.unity.inputsystem/InputSystem/Editor/Icons/d_Orientation@3x.png
  artifactKey: Guid(424bff4d3ea64400e9b384cb8bebfb96) Importer(815301076,1909f56bfc062723c751e8b465ee728b)
Start importing Packages/com.unity.inputsystem/InputSystem/Editor/Icons/d_Orientation@3x.png using Guid(424bff4d3ea64400e9b384cb8bebfb96) Importer(815301076,1909f56bfc062723c751e8b465ee728b)  -> (artifact id: '3fa6b70b7594be096e707b6dd9388a62') in 0.029322 seconds 
========================================================================
Received Import Request.
  Time since last request: 0.000258 seconds.
  path: Packages/com.unity.inputsystem/InputSystem/Editor/Icons/Orientation.png
  artifactKey: Guid(7fb7b46a8c63948d2b28dc394281bf5a) Importer(815301076,1909f56bfc062723c751e8b465ee728b)
Start importing Packages/com.unity.inputsystem/InputSystem/Editor/Icons/Orientation.png using Guid(7fb7b46a8c63948d2b28dc394281bf5a) Importer(815301076,1909f56bfc062723c751e8b465ee728b)  -> (artifact id: '5efad40b6c99dd5882f133e6d7a55c68') in 0.014194 seconds 
========================================================================
Received Import Request.
  Time since last request: 0.000521 seconds.
  path: Packages/com.unity.inputsystem/InputSystem/Plugins/PlayerInput/DefaultInputActions.inputactions
  artifactKey: Guid(ca9f5fa95ffab41fb9a615ab714db018) Importer(815301076,1909f56bfc062723c751e8b465ee728b)
Start importing Packages/com.unity.inputsystem/InputSystem/Plugins/PlayerInput/DefaultInputActions.inputactions using Guid(ca9f5fa95ffab41fb9a615ab714db018) Importer(815301076,1909f56bfc062723c751e8b465ee728b)  -> (artifact id: 'f5f2f006d3765663ff2a7b768ba35996') in 0.031816 seconds 
========================================================================
Received Import Request.
  Time since last request: 0.000190 seconds.
  path: Packages/com.unity.inputsystem/InputSystem/Editor/Icons/Orientation@2x.png
  artifactKey: Guid(62f8dda50382d487597224e197cbd34f) Importer(815301076,1909f56bfc062723c751e8b465ee728b)
Start importing Packages/com.unity.inputsystem/InputSystem/Editor/Icons/Orientation@2x.png using Guid(62f8dda50382d487597224e197cbd34f) Importer(815301076,1909f56bfc062723c751e8b465ee728b)  -> (artifact id: '5c0674e0e92151080bc1654a20ffee06') in 0.010914 seconds 
========================================================================
Received Import Request.
  Time since last request: 0.000164 seconds.
  path: Packages/com.unity.inputsystem/InputSystem/Editor/Icons/Orientation@3x.png
  artifactKey: Guid(5f09d534eb1414449a2758696bd4dd11) Importer(815301076,1909f56bfc062723c751e8b465ee728b)
Start importing Packages/com.unity.inputsystem/InputSystem/Editor/Icons/Orientation@3x.png using Guid(5f09d534eb1414449a2758696bd4dd11) Importer(815301076,1909f56bfc062723c751e8b465ee728b)  -> (artifact id: 'b9ecea804e74033a94ea547d306f845f') in 0.008155 seconds 
========================================================================
Received Import Request.
  Time since last request: 0.000168 seconds.
  path: Packages/com.unity.inputsystem/InputSystem/Editor/Icons/Orientation@4x.png
  artifactKey: Guid(1c751eb104ad5407992e614361d5f81e) Importer(815301076,1909f56bfc062723c751e8b465ee728b)
Start importing Packages/com.unity.inputsystem/InputSystem/Editor/Icons/Orientation@4x.png using Guid(1c751eb104ad5407992e614361d5f81e) Importer(815301076,1909f56bfc062723c751e8b465ee728b)  -> (artifact id: '6989a99e698683ff0216fc01f65d9cd3') in 0.011218 seconds 
========================================================================
Received Import Request.
  Time since last request: 0.000199 seconds.
  path: Packages/com.unity.inputsystem/InputSystem/Editor/Icons/d_Orientation@4x.png
  artifactKey: Guid(de98baf415a2c4d7dbe0de74cb6e171c) Importer(815301076,1909f56bfc062723c751e8b465ee728b)
Start importing Packages/com.unity.inputsystem/InputSystem/Editor/Icons/d_Orientation@4x.png using Guid(de98baf415a2c4d7dbe0de74cb6e171c) Importer(815301076,1909f56bfc062723c751e8b465ee728b)  -> (artifact id: 'a3eadf5cf09115f61219b947f419afd4') in 0.007758 seconds 
========================================================================
Received Import Request.
  Time since last request: 1233.814779 seconds.
  path: Assets/Materials/Wireframe.mat
  artifactKey: Guid(00d05020ec1764c739a293ae160dc90f) Importer(815301076,1909f56bfc062723c751e8b465ee728b)
Start importing Assets/Materials/Wireframe.mat using Guid(00d05020ec1764c739a293ae160dc90f) Importer(815301076,1909f56bfc062723c751e8b465ee728b)  -> (artifact id: 'fa72394e699d846d0134d4211c36aff5') in 0.341906 seconds 
========================================================================
Received Prepare
Registering precompiled user dll's ...
Registered in 0.005648 seconds.
Begin MonoManager ReloadAssembly
Symbol file LoadedFromMemory doesn't match image /Users/betty/Documents/GitHub/Laval/Laval/Library/PackageCache/com.unity.collab-proxy@1.15.15/Lib/Editor/PlasticSCM/unityplastic.dll
Native extension for Lumin target not found
Native extension for OSXStandalone target not found
Refreshing native plugins compatible for Editor in 72.65 ms, found 4 plugins.
Preloading 1 native plugins for Editor in 8.95 ms.
2022-04-11 23:09:14.810 Unity[62280:1442911] NSEventModifierFlagFunction specified to -setKeyEquivalentModifierMask: for item <NSMenuItem: 0x600000770e00 Font Asset, ke='Command-F12'>, but is only supported for system-provided menu items; will not be used
Mono: successfully reloaded assembly
- Completed reload, in  4.709 seconds
Domain Reload Profiling:
	ReloadAssembly (4727ms)
		BeginReloadAssembly (1176ms)
			ExecutionOrderSort (0ms)
			DisableScriptedObjects (77ms)
			BackupInstance (0ms)
			ReleaseScriptingObjects (0ms)
			CreateAndSetChildDomain (645ms)
		EndReloadAssembly (3397ms)
			LoadAssemblies (965ms)
			RebuildTransferFunctionScriptingTraits (0ms)
			SetupTypeCache (465ms)
			ReleaseScriptCaches (14ms)
			RebuildScriptCaches (52ms)
			SetupLoadedEditorAssemblies (1580ms)
				LogAssemblyErrors (0ms)
				InitializePlatformSupportModulesInManaged (10ms)
				SetLoadedEditorAssemblies (1ms)
				RefreshPlugins (82ms)
				BeforeProcessingInitializeOnLoad (301ms)
				ProcessInitializeOnLoadAttributes (1146ms)
				ProcessInitializeOnLoadMethodAttributes (38ms)
				AfterProcessingInitializeOnLoad (1ms)
				EditorAssembliesLoaded (1ms)
			ExecutionOrderSort2 (0ms)
			AwakeInstancesAfterBackupRestoration (29ms)
Platform modules already initialized, skipping
Shader 'Universal Render Pipeline/Nature/SpeedTree7': dependency 'BillboardShader' shader 'Universal Render Pipeline/Nature/SpeedTree7 Billboard' not found
Shader 'Universal Render Pipeline/Baked Lit': fallback shader 'Universal Render Pipeline/Unlit' not found
Shader 'Universal Render Pipeline/Simple Lit': fallback shader 'Hidden/Universal Render Pipeline/FallbackError' not found
Shader 'Universal Render Pipeline/Terrain/Lit': fallback shader 'Hidden/Universal Render Pipeline/FallbackError' not found
Shader 'Universal Render Pipeline/Terrain/Lit': dependency 'AddPassShader' shader 'Hidden/Universal Render Pipeline/Terrain/Lit (Add Pass)' not found
Shader 'Universal Render Pipeline/Terrain/Lit': dependency 'BaseMapShader' shader 'Hidden/Universal Render Pipeline/Terrain/Lit (Base Pass)' not found
Shader 'Universal Render Pipeline/Terrain/Lit': dependency 'BaseMapGenShader' shader 'Hidden/Universal Render Pipeline/Terrain/Lit (Basemap Gen)' not found
Shader 'Hidden/Universal Render Pipeline/Terrain/Lit (Add Pass)': fallback shader 'Hidden/Universal Render Pipeline/FallbackError' not found
Shader 'Hidden/Universal Render Pipeline/Terrain/Lit (Base Pass)': fallback shader 'Hidden/Universal Render Pipeline/FallbackError' not found
Refreshing native plugins compatible for Editor in 0.72 ms, found 4 plugins.
Preloading 1 native plugins for Editor in 0.27 ms.
Unloading 3948 Unused Serialized files (Serialized files now loaded: 0)
System memory in use before: 326.4 MB.
System memory in use after: 322.2 MB.

Unloading 76 unused Assets to reduce memory usage. Loaded Objects now: 4439.
Total: 7.449750 ms (FindLiveObjects: 0.373458 ms CreateObjectMapping: 0.470125 ms MarkObjects: 4.887417 ms  DeleteObjects: 1.717041 ms)

AssetImportParameters requested are different than current active one (requested -> active):
  custom:video-decoder-ogg-theora: a1e56fd34408186e4bbccfd4996cb3dc -> 
  custom:container-muxer-webm: aa71ff27fc2769a1b78a27578f13a17b -> 
  custom:container-demuxer-webm: 4f35f7cbe854078d1ac9338744f61a02 -> 
  custom:container-demuxer-ogg: 62fdf1f143b41e24485cea50d1cbac27 -> 
  custom:video-encoder-webm-vp8: eb34c28f22e8b96e1ab97ce403110664 -> 
  custom:framework-osx-AVFoundation: e770b220cccbd017edd2c1fefb359320 -> 
  custom:video-decoder-webm-vp8: 9c59270c3fd7afecdb556c50c9e8de78 -> 
  custom:audio-decoder-ogg-vorbis: bf7c407c2cedff20999df2af8eb42d56 -> 
  custom:audio-encoder-webm-vorbis: bf7c407c2cedff20999df2af8eb42d56 -> 
========================================================================
Received Import Request.
  Time since last request: 704.774098 seconds.
  path: Assets/ML Spatial Mapper.prefab
  artifactKey: Guid(4c835e009ea35447d8dab6854c10f45f) Importer(815301076,1909f56bfc062723c751e8b465ee728b)
Start importing Assets/ML Spatial Mapper.prefab using Guid(4c835e009ea35447d8dab6854c10f45f) Importer(815301076,1909f56bfc062723c751e8b465ee728b)  -> (artifact id: '18d134e0ed7d4541d77c4ab6f1436746') in 0.623008 seconds 
========================================================================
Received Import Request.
  Time since last request: 561.939795 seconds.
  path: Packages/com.unity.shadergraph/Editor/Resources/Styles/Controls/BooleanSlotControlView.uss
  artifactKey: Guid(c72bf0f50e306d944a1e48a2bb299082) Importer(815301076,1909f56bfc062723c751e8b465ee728b)
Start importing Packages/com.unity.shadergraph/Editor/Resources/Styles/Controls/BooleanSlotControlView.uss using Guid(c72bf0f50e306d944a1e48a2bb299082) Importer(815301076,1909f56bfc062723c751e8b465ee728b)  -> (artifact id: '6ff18d6efc7775a1458dd9f4e66a477f') in 0.298422 seconds 
========================================================================
Received Import Request.
  Time since last request: 0.000512 seconds.
  path: Packages/com.unity.shadergraph/Editor/Resources/Styles/Controls/ChannelMixerControlView.uss
  artifactKey: Guid(99d6d41531ec36841953987e7ae78317) Importer(815301076,1909f56bfc062723c751e8b465ee728b)
Start importing Packages/com.unity.shadergraph/Editor/Resources/Styles/Controls/ChannelMixerControlView.uss using Guid(99d6d41531ec36841953987e7ae78317) Importer(815301076,1909f56bfc062723c751e8b465ee728b)  -> (artifact id: 'a0cd73b571ddfe9dd70116c7097eb55c') in 0.018108 seconds 
========================================================================
Received Import Request.
  Time since last request: 0.001181 seconds.
  path: Packages/com.unity.shadergraph/Editor/Resources/Styles/Controls/ColorControlView.uss
  artifactKey: Guid(4b038bc8dced2a440bc294aeff20a4ac) Importer(815301076,1909f56bfc062723c751e8b465ee728b)
Start importing Packages/com.unity.shadergraph/Editor/Resources/Styles/Controls/ColorControlView.uss using Guid(4b038bc8dced2a440bc294aeff20a4ac) Importer(815301076,1909f56bfc062723c751e8b465ee728b)  -> (artifact id: 'e0032e305a54f64e5df7b47ae54d52d5') in 0.008071 seconds 
========================================================================
Received Import Request.
  Time since last request: 0.000285 seconds.
  path: Packages/com.unity.shadergraph/Editor/Resources/Styles/Controls/ChannelEnumControlView.uss
  artifactKey: Guid(8dfac6eef2d89e8428c7a79b147413db) Importer(815301076,1909f56bfc062723c751e8b465ee728b)
Start importing Packages/com.unity.shadergraph/Editor/Resources/Styles/Controls/ChannelEnumControlView.uss using Guid(8dfac6eef2d89e8428c7a79b147413db) Importer(815301076,1909f56bfc062723c751e8b465ee728b)  -> (artifact id: 'd0c9f3211e90a6628ec6dfbd2c2041aa') in 0.008670 seconds 
========================================================================
Received Import Request.
  Time since last request: 0.000559 seconds.
  path: Packages/com.unity.shadergraph/Editor/Resources/Styles/Controls/ColorRGBSlotControlView.uss
  artifactKey: Guid(5f9f1162b05e46646805842469135609) Importer(815301076,1909f56bfc062723c751e8b465ee728b)
Start importing Packages/com.unity.shadergraph/Editor/Resources/Styles/Controls/ColorRGBSlotControlView.uss using Guid(5f9f1162b05e46646805842469135609) Importer(815301076,1909f56bfc062723c751e8b465ee728b)  -> (artifact id: '0841f9570dd39171403d89ae64c0cee5') in 0.006718 seconds 
========================================================================
Received Import Request.
  Time since last request: 0.000340 seconds.
  path: Packages/com.unity.shadergraph/Editor/Resources/Styles/Controls/ChannelEnumMaskControlView.uss
  artifactKey: Guid(1db7b9bf1f9186d44ba7fefd3bc715c6) Importer(815301076,1909f56bfc062723c751e8b465ee728b)
Start importing Packages/com.unity.shadergraph/Editor/Resources/Styles/Controls/ChannelEnumMaskControlView.uss using Guid(1db7b9bf1f9186d44ba7fefd3bc715c6) Importer(815301076,1909f56bfc062723c751e8b465ee728b)  -> (artifact id: '5f29de64946654b2c29ae60a31f7b77a') in 0.003180 seconds 
========================================================================
Received Import Request.
  Time since last request: 0.000161 seconds.
  path: Packages/com.unity.shadergraph/Editor/Resources/Styles/Controls/ColorRGBASlotControlView.uss
  artifactKey: Guid(a690636bb8883ea4db5f27192551b973) Importer(815301076,1909f56bfc062723c751e8b465ee728b)
Start importing Packages/com.unity.shadergraph/Editor/Resources/Styles/Controls/ColorRGBASlotControlView.uss using Guid(a690636bb8883ea4db5f27192551b973) Importer(815301076,1909f56bfc062723c751e8b465ee728b)  -> (artifact id: '84fd7dbfbecc876c3ef66ec1d91c546e') in 0.005933 seconds 
========================================================================
Received Import Request.
  Time since last request: 10.993555 seconds.
  path: Assets/Samples/XR Interaction Toolkit/2.0.1/Starter Assets/XRI Default Left Controller.preset
  artifactKey: Guid(ffd8268f7307a0c48a067dad4a8fe060) Importer(815301076,1909f56bfc062723c751e8b465ee728b)
Start importing Assets/Samples/XR Interaction Toolkit/2.0.1/Starter Assets/XRI Default Left Controller.preset using Guid(ffd8268f7307a0c48a067dad4a8fe060) Importer(815301076,1909f56bfc062723c751e8b465ee728b)  -> (artifact id: 'b38b5808f862010cc71bf7941031987c') in 0.132470 seconds 
========================================================================
Received Import Request.
  Time since last request: 0.001745 seconds.
  path: Assets/Samples/XR Interaction Toolkit/2.0.1/Starter Assets/XRI Default Right Controller.preset
  artifactKey: Guid(1421ad86ff3787b4dae70fe9e699a25f) Importer(815301076,1909f56bfc062723c751e8b465ee728b)
Start importing Assets/Samples/XR Interaction Toolkit/2.0.1/Starter Assets/XRI Default Right Controller.preset using Guid(1421ad86ff3787b4dae70fe9e699a25f) Importer(815301076,1909f56bfc062723c751e8b465ee728b)  -> (artifact id: '65125089cd0625cc6bab119de3db7aad') in 0.005302 seconds 
========================================================================
Received Import Request.
  Time since last request: 222.938039 seconds.
  path: Assets/Magic Leap/Prefabs
  artifactKey: Guid(9728ea891d7b24fc081a9601ccfedf75) Importer(815301076,1909f56bfc062723c751e8b465ee728b)
Start importing Assets/Magic Leap/Prefabs using Guid(9728ea891d7b24fc081a9601ccfedf75) Importer(815301076,1909f56bfc062723c751e8b465ee728b)  -> (artifact id: '0a8bdee5c3b6ee9488a7f11e1ee63897') in 0.035510 seconds 
========================================================================
Received Import Request.
  Time since last request: 0.027359 seconds.
  path: Assets/Magic Leap/Prefabs/ImageTracker.prefab
  artifactKey: Guid(d27524bbf587be843b52c2a81cb983ca) Importer(815301076,1909f56bfc062723c751e8b465ee728b)
Start importing Assets/Magic Leap/Prefabs/ImageTracker.prefab using Guid(d27524bbf587be843b52c2a81cb983ca) Importer(815301076,1909f56bfc062723c751e8b465ee728b)  -> (artifact id: 'd55685bda3df617d08005b3c99827d9a') in 0.075938 seconds 
========================================================================
Received Import Request.
  Time since last request: 0.000242 seconds.
  path: Assets/Magic Leap/Prefabs/MLContacts.prefab
  artifactKey: Guid(65476dec6d154ad4c86490fcb850085c) Importer(815301076,1909f56bfc062723c751e8b465ee728b)
Start importing Assets/Magic Leap/Prefabs/MLContacts.prefab using Guid(65476dec6d154ad4c86490fcb850085c) Importer(815301076,1909f56bfc062723c751e8b465ee728b)  -> (artifact id: '2c8c69750ab196e03f3b348763142281') in 0.005895 seconds 
========================================================================
Received Import Request.
  Time since last request: 0.000171 seconds.
  path: Assets/Magic Leap/Prefabs/MLSpatialMapper.prefab
  artifactKey: Guid(b6af97b52b3429641aa904690975fa80) Importer(815301076,1909f56bfc062723c751e8b465ee728b)
Start importing Assets/Magic Leap/Prefabs/MLSpatialMapper.prefab using Guid(b6af97b52b3429641aa904690975fa80) Importer(815301076,1909f56bfc062723c751e8b465ee728b)  -> (artifact id: '852c4e4e21492b7e23d3637b0884ba42') in 0.005162 seconds 
========================================================================
Received Import Request.
  Time since last request: 0.000656 seconds.
  path: Assets/Magic Leap/Prefabs/MLHandTracking.prefab
  artifactKey: Guid(6c94f4a72528e324a846f7b9539bf847) Importer(815301076,1909f56bfc062723c751e8b465ee728b)
Start importing Assets/Magic Leap/Prefabs/MLHandTracking.prefab using Guid(6c94f4a72528e324a846f7b9539bf847) Importer(815301076,1909f56bfc062723c751e8b465ee728b)  -> (artifact id: 'e1b2f3c36d9dde6bd1efcd4573b20b7e') in 0.004674 seconds 
========================================================================
Received Import Request.
  Time since last request: 0.000153 seconds.
  path: Assets/Magic Leap/Prefabs/Raycast.prefab
  artifactKey: Guid(e6801a2de63af38448df1609d448b31f) Importer(815301076,1909f56bfc062723c751e8b465ee728b)
Start importing Assets/Magic Leap/Prefabs/Raycast.prefab using Guid(e6801a2de63af38448df1609d448b31f) Importer(815301076,1909f56bfc062723c751e8b465ee728b)  -> (artifact id: '2608495b70795a058ba148ce64a8c1a1') in 0.009140 seconds 
========================================================================
Received Import Request.
  Time since last request: 0.000205 seconds.
  path: Assets/Magic Leap/Prefabs/MLWorldPlanes.prefab
  artifactKey: Guid(195e01f115a2b9649ac2d54f14dcd781) Importer(815301076,1909f56bfc062723c751e8b465ee728b)
Start importing Assets/Magic Leap/Prefabs/MLWorldPlanes.prefab using Guid(195e01f115a2b9649ac2d54f14dcd781) Importer(815301076,1909f56bfc062723c751e8b465ee728b)  -> (artifact id: '17fcf38fb756f0f67014d262b709233b') in 0.006194 seconds 
========================================================================
Received Import Request.
  Time since last request: 0.000197 seconds.
  path: Assets/Magic Leap/Prefabs/Main Camera.prefab
  artifactKey: Guid(f87231bf9b842411fbce23239e1b4baf) Importer(815301076,1909f56bfc062723c751e8b465ee728b)
Start importing Assets/Magic Leap/Prefabs/Main Camera.prefab using Guid(f87231bf9b842411fbce23239e1b4baf) Importer(815301076,1909f56bfc062723c751e8b465ee728b)  -> (artifact id: 'a10703ad2411d463ba62c224555cde03') in 0.013779 seconds 
========================================================================
Received Prepare
Registering precompiled user dll's ...
Registered in 0.004723 seconds.
Begin MonoManager ReloadAssembly
Symbol file LoadedFromMemory doesn't match image /Users/betty/Documents/GitHub/Laval/Laval/Library/PackageCache/com.unity.collab-proxy@1.15.15/Lib/Editor/PlasticSCM/unityplastic.dll
Native extension for Lumin target not found
Native extension for OSXStandalone target not found
Refreshing native plugins compatible for Editor in 0.95 ms, found 4 plugins.
Preloading 1 native plugins for Editor in 1.87 ms.
2022-04-11 23:32:50.740 Unity[62280:1442911] NSEventModifierFlagFunction specified to -setKeyEquivalentModifierMask: for item <NSMenuItem: 0x60000071d960 Font Asset, ke='Command-F12'>, but is only supported for system-provided menu items; will not be used
Mono: successfully reloaded assembly
- Completed reload, in  3.477 seconds
Domain Reload Profiling:
	ReloadAssembly (3481ms)
		BeginReloadAssembly (573ms)
			ExecutionOrderSort (0ms)
			DisableScriptedObjects (70ms)
			BackupInstance (0ms)
			ReleaseScriptingObjects (0ms)
			CreateAndSetChildDomain (235ms)
		EndReloadAssembly (2796ms)
			LoadAssemblies (501ms)
			RebuildTransferFunctionScriptingTraits (0ms)
			SetupTypeCache (510ms)
			ReleaseScriptCaches (1ms)
			RebuildScriptCaches (53ms)
			SetupLoadedEditorAssemblies (1362ms)
				LogAssemblyErrors (0ms)
				InitializePlatformSupportModulesInManaged (12ms)
				SetLoadedEditorAssemblies (2ms)
				RefreshPlugins (3ms)
				BeforeProcessingInitializeOnLoad (311ms)
				ProcessInitializeOnLoadAttributes (999ms)
				ProcessInitializeOnLoadMethodAttributes (34ms)
				AfterProcessingInitializeOnLoad (1ms)
				EditorAssembliesLoaded (0ms)
			ExecutionOrderSort2 (0ms)
			AwakeInstancesAfterBackupRestoration (41ms)
Platform modules already initialized, skipping
Refreshing native plugins compatible for Editor in 0.73 ms, found 4 plugins.
Preloading 1 native plugins for Editor in 0.25 ms.
Unloading 3948 Unused Serialized files (Serialized files now loaded: 0)
System memory in use before: 335.3 MB.
System memory in use after: 331.0 MB.

Unloading 74 unused Assets to reduce memory usage. Loaded Objects now: 4443.
Total: 6.325625 ms (FindLiveObjects: 0.401042 ms CreateObjectMapping: 0.187125 ms MarkObjects: 3.778541 ms  DeleteObjects: 1.956458 ms)

AssetImportParameters requested are different than current active one (requested -> active):
  custom:video-decoder-ogg-theora: a1e56fd34408186e4bbccfd4996cb3dc -> 
  custom:container-muxer-webm: aa71ff27fc2769a1b78a27578f13a17b -> 
  custom:container-demuxer-webm: 4f35f7cbe854078d1ac9338744f61a02 -> 
  custom:container-demuxer-ogg: 62fdf1f143b41e24485cea50d1cbac27 -> 
  custom:video-encoder-webm-vp8: eb34c28f22e8b96e1ab97ce403110664 -> 
  custom:framework-osx-AVFoundation: e770b220cccbd017edd2c1fefb359320 -> 
  custom:video-decoder-webm-vp8: 9c59270c3fd7afecdb556c50c9e8de78 -> 
  custom:audio-decoder-ogg-vorbis: bf7c407c2cedff20999df2af8eb42d56 -> 
  custom:audio-encoder-webm-vorbis: bf7c407c2cedff20999df2af8eb42d56 -> 
========================================================================
Received Import Request.
  Time since last request: 230.345111 seconds.
  path: Assets/Magic Leap/Prefabs/DeepSpaceExplorer.prefab
  artifactKey: Guid(787df8bd9996bf04c9fbbaa5776694ee) Importer(815301076,1909f56bfc062723c751e8b465ee728b)
Start importing Assets/Magic Leap/Prefabs/DeepSpaceExplorer.prefab using Guid(787df8bd9996bf04c9fbbaa5776694ee) Importer(815301076,1909f56bfc062723c751e8b465ee728b)  -> (artifact id: 'b8b5d4a2445d3280beebbe8683be3a0c') in 0.170815 seconds 
========================================================================
Received Import Request.
  Time since last request: 0.000254 seconds.
  path: Assets/Magic Leap/Prefabs/PersistentBall.prefab
  artifactKey: Guid(e684ee23075278443835c2eb7da16b5e) Importer(815301076,1909f56bfc062723c751e8b465ee728b)
Start importing Assets/Magic Leap/Prefabs/PersistentBall.prefab using Guid(e684ee23075278443835c2eb7da16b5e) Importer(815301076,1909f56bfc062723c751e8b465ee728b)  -> (artifact id: '94aad28f229b7d89cc6f1a46400a6075') in 0.020720 seconds 
========================================================================
Received Import Request.
  Time since last request: 0.000405 seconds.
  path: Assets/Magic Leap/Prefabs/SpherePrimitive.prefab
  artifactKey: Guid(9ea5b38899d28c24ea33cf9f3476f8e0) Importer(815301076,1909f56bfc062723c751e8b465ee728b)
Start importing Assets/Magic Leap/Prefabs/SpherePrimitive.prefab using Guid(9ea5b38899d28c24ea33cf9f3476f8e0) Importer(815301076,1909f56bfc062723c751e8b465ee728b)  -> (artifact id: '9aa8fd35b0c739908c64eae725abfead') in 0.007572 seconds 
========================================================================
Received Import Request.
  Time since last request: 0.000407 seconds.
  path: Assets/Magic Leap/Prefabs/Cursor.prefab
  artifactKey: Guid(29528ee004f08ee43824470a516967c6) Importer(815301076,1909f56bfc062723c751e8b465ee728b)
Start importing Assets/Magic Leap/Prefabs/Cursor.prefab using Guid(29528ee004f08ee43824470a516967c6) Importer(815301076,1909f56bfc062723c751e8b465ee728b)  -> (artifact id: '693a9bde055bab9289ef205f425d3b0a') in 0.004343 seconds 
========================================================================
Received Import Request.
  Time since last request: 0.000281 seconds.
  path: Assets/Magic Leap/Prefabs/MobileAppController.prefab
  artifactKey: Guid(23be1615fdbf7084cadd8e8c431db908) Importer(815301076,1909f56bfc062723c751e8b465ee728b)
Start importing Assets/Magic Leap/Prefabs/MobileAppController.prefab using Guid(23be1615fdbf7084cadd8e8c431db908) Importer(815301076,1909f56bfc062723c751e8b465ee728b)  -> (artifact id: '25bb1ec1e97a9832f942e935041b21bc') in 0.050053 seconds 
========================================================================
Received Import Request.
  Time since last request: 0.000250 seconds.
  path: Assets/Magic Leap/Prefabs/Controller.prefab
  artifactKey: Guid(6884f69ad0adbb441905ff499f5d1ece) Importer(815301076,1909f56bfc062723c751e8b465ee728b)
Start importing Assets/Magic Leap/Prefabs/Controller.prefab using Guid(6884f69ad0adbb441905ff499f5d1ece) Importer(815301076,1909f56bfc062723c751e8b465ee728b)  -> (artifact id: '13d0d9607d737f5446e65d14ff067e0a') in 0.004081 seconds 
========================================================================
Received Import Request.
  Time since last request: 0.000228 seconds.
  path: Assets/Magic Leap/Prefabs/DistanceMarker.prefab
  artifactKey: Guid(e9c3e6537dc913f45a76657765a6aeda) Importer(815301076,1909f56bfc062723c751e8b465ee728b)
Start importing Assets/Magic Leap/Prefabs/DistanceMarker.prefab using Guid(e9c3e6537dc913f45a76657765a6aeda) Importer(815301076,1909f56bfc062723c751e8b465ee728b)  -> (artifact id: 'd3c4152e23b788fc237b8fdfbededb6c') in 0.003561 seconds 
========================================================================
Received Import Request.
  Time since last request: 0.000205 seconds.
  path: Assets/Magic Leap/Prefabs/PCFVisualizer.prefab
  artifactKey: Guid(9bd30054cdb3848439656c4a12ae4f07) Importer(815301076,1909f56bfc062723c751e8b465ee728b)
Start importing Assets/Magic Leap/Prefabs/PCFVisualizer.prefab using Guid(9bd30054cdb3848439656c4a12ae4f07) Importer(815301076,1909f56bfc062723c751e8b465ee728b)  -> (artifact id: '8efe7499215030bb562e5268db60bb6d') in 0.003008 seconds 
========================================================================
Received Import Request.
  Time since last request: 0.000190 seconds.
  path: Assets/Magic Leap/Prefabs/ContactAttributeItem.prefab
  artifactKey: Guid(20392f119d8362b4994787ab0e374489) Importer(815301076,1909f56bfc062723c751e8b465ee728b)
Start importing Assets/Magic Leap/Prefabs/ContactAttributeItem.prefab using Guid(20392f119d8362b4994787ab0e374489) Importer(815301076,1909f56bfc062723c751e8b465ee728b)  -> (artifact id: '6e601ae6e7d0e5cdfd3665d33a26af21') in 0.021932 seconds 
========================================================================
Received Import Request.
  Time since last request: 0.000200 seconds.
  path: Assets/Magic Leap/Prefabs/Spinner.prefab
  artifactKey: Guid(c09d817fdb0ee7d4499cfad91bbb0ced) Importer(815301076,1909f56bfc062723c751e8b465ee728b)
Start importing Assets/Magic Leap/Prefabs/Spinner.prefab using Guid(c09d817fdb0ee7d4499cfad91bbb0ced) Importer(815301076,1909f56bfc062723c751e8b465ee728b)  -> (artifact id: 'ba6ff8465675b6bd3f63d1f4693f2fcb') in 0.004057 seconds 
========================================================================
Received Import Request.
  Time since last request: 0.000237 seconds.
  path: Assets/Magic Leap/Prefabs/WacomTabletVisualizer.prefab
  artifactKey: Guid(8d5f547699d914c888166571fc1b0a59) Importer(815301076,1909f56bfc062723c751e8b465ee728b)
Start importing Assets/Magic Leap/Prefabs/WacomTabletVisualizer.prefab using Guid(8d5f547699d914c888166571fc1b0a59) Importer(815301076,1909f56bfc062723c751e8b465ee728b)  -> (artifact id: 'e4629b9169d907e047029589b9bbca83') in 0.005574 seconds 
========================================================================
Received Import Request.
  Time since last request: 0.000502 seconds.
  path: Assets/Magic Leap/Prefabs/GemMarker.prefab
  artifactKey: Guid(2b539d79887b4e243b8276392bc90fc2) Importer(815301076,1909f56bfc062723c751e8b465ee728b)
Start importing Assets/Magic Leap/Prefabs/GemMarker.prefab using Guid(2b539d79887b4e243b8276392bc90fc2) Importer(815301076,1909f56bfc062723c751e8b465ee728b)  -> (artifact id: 'baf4603099987d0fa56fb31df5ef20d4') in 0.003110 seconds 
========================================================================
Received Import Request.
  Time since last request: 0.000222 seconds.
  path: Assets/Magic Leap/Prefabs/PCFVisual.prefab
  artifactKey: Guid(92d8cbcc4e864274ca705591d81f8240) Importer(815301076,1909f56bfc062723c751e8b465ee728b)
Start importing Assets/Magic Leap/Prefabs/PCFVisual.prefab using Guid(92d8cbcc4e864274ca705591d81f8240) Importer(815301076,1909f56bfc062723c751e8b465ee728b)  -> (artifact id: 'e533dbd9af03fffe83069485210a889c') in 0.006796 seconds 
========================================================================
Received Import Request.
  Time since last request: 0.000229 seconds.
  path: Assets/Magic Leap/Prefabs/PrivilegeRequester.prefab
  artifactKey: Guid(df93b5e375669414790845a6db77aeb4) Importer(815301076,1909f56bfc062723c751e8b465ee728b)
Start importing Assets/Magic Leap/Prefabs/PrivilegeRequester.prefab using Guid(df93b5e375669414790845a6db77aeb4) Importer(815301076,1909f56bfc062723c751e8b465ee728b)  -> (artifact id: '201d6f26f76fd28314f9f5a9cffe9ea0') in 0.004602 seconds 
========================================================================
Received Import Request.
  Time since last request: 0.000281 seconds.
  path: Assets/Magic Leap/Prefabs/ControllerConectionHandler.prefab
  artifactKey: Guid(4b13f92626657f949936c461c3c3182e) Importer(815301076,1909f56bfc062723c751e8b465ee728b)
Start importing Assets/Magic Leap/Prefabs/ControllerConectionHandler.prefab using Guid(4b13f92626657f949936c461c3c3182e) Importer(815301076,1909f56bfc062723c751e8b465ee728b)  -> (artifact id: '5a58195d876646cce866b499d91817ef') in 0.003042 seconds 
========================================================================
Received Import Request.
  Time since last request: 0.000248 seconds.
  path: Assets/Magic Leap/Prefabs/VirtualKeyboard.prefab
  artifactKey: Guid(62aab9b992d81974e98b870ecda06bc2) Importer(815301076,1909f56bfc062723c751e8b465ee728b)
Start importing Assets/Magic Leap/Prefabs/VirtualKeyboard.prefab using Guid(62aab9b992d81974e98b870ecda06bc2) Importer(815301076,1909f56bfc062723c751e8b465ee728b)  -> (artifact id: '50d1c08e504d09623a29afe5d0ee3837') in 0.036977 seconds 
========================================================================
Received Import Request.
  Time since last request: 0.000230 seconds.
  path: Assets/Magic Leap/Prefabs/Tracking_Cube.prefab
  artifactKey: Guid(32305cf948ccfa542879ef9ff007f5e1) Importer(815301076,1909f56bfc062723c751e8b465ee728b)
Start importing Assets/Magic Leap/Prefabs/Tracking_Cube.prefab using Guid(32305cf948ccfa542879ef9ff007f5e1) Importer(815301076,1909f56bfc062723c751e8b465ee728b)  -> (artifact id: '6f9a5db2cd6ef472ac115b1996e84cf9') in 0.003076 seconds 
========================================================================
Received Import Request.
  Time since last request: 0.000212 seconds.
  path: Assets/Magic Leap/Prefabs/PersistentContentDestroyed.prefab
  artifactKey: Guid(c2be29d1fdb54da48824088fe1dde67d) Importer(815301076,1909f56bfc062723c751e8b465ee728b)
Start importing Assets/Magic Leap/Prefabs/PersistentContentDestroyed.prefab using Guid(c2be29d1fdb54da48824088fe1dde67d) Importer(815301076,1909f56bfc062723c751e8b465ee728b)  -> (artifact id: 'e25dbd879917e3753a949e20c4bbd6b6') in 0.192273 seconds 
========================================================================
Received Import Request.
  Time since last request: 0.000195 seconds.
  path: Assets/Magic Leap/Prefabs/MeshingSampleBall.prefab
  artifactKey: Guid(0b46e96b48f596a4abe7013197e2fe8f) Importer(815301076,1909f56bfc062723c751e8b465ee728b)
Start importing Assets/Magic Leap/Prefabs/MeshingSampleBall.prefab using Guid(0b46e96b48f596a4abe7013197e2fe8f) Importer(815301076,1909f56bfc062723c751e8b465ee728b)  -> (artifact id: 'ac8c2b4bc443de6aa0e5603009f979e1') in 0.003361 seconds 
========================================================================
Received Import Request.
  Time since last request: 0.000167 seconds.
  path: Assets/Magic Leap/Prefabs/PlaneVisual.prefab
  artifactKey: Guid(d0351538d524663448f7c5b7db4a371b) Importer(815301076,1909f56bfc062723c751e8b465ee728b)
Start importing Assets/Magic Leap/Prefabs/PlaneVisual.prefab using Guid(d0351538d524663448f7c5b7db4a371b) Importer(815301076,1909f56bfc062723c751e8b465ee728b)  -> (artifact id: 'f6884f7799674f0dc19b95e6da8e3f88') in 0.006245 seconds 
========================================================================
Received Import Request.
  Time since last request: 0.000167 seconds.
  path: Assets/Magic Leap/Prefabs/ContactItem.prefab
  artifactKey: Guid(e1327dd5fc6f2d247879fc3afeb5590b) Importer(815301076,1909f56bfc062723c751e8b465ee728b)
Start importing Assets/Magic Leap/Prefabs/ContactItem.prefab using Guid(e1327dd5fc6f2d247879fc3afeb5590b) Importer(815301076,1909f56bfc062723c751e8b465ee728b)  -> (artifact id: '3ff881d22f4967bae7fa4c7d4739c1ab') in 0.003263 seconds 
========================================================================
Received Import Request.
  Time since last request: 0.000301 seconds.
  path: Assets/Magic Leap/Prefabs/ContactsVisualizer.prefab
  artifactKey: Guid(81d0731dc8eb8eb4dabd4435c2297913) Importer(815301076,1909f56bfc062723c751e8b465ee728b)
Start importing Assets/Magic Leap/Prefabs/ContactsVisualizer.prefab using Guid(81d0731dc8eb8eb4dabd4435c2297913) Importer(815301076,1909f56bfc062723c751e8b465ee728b)  -> (artifact id: 'e701dc1a904ea256b564b2fda8c3f579') in 0.006914 seconds 
========================================================================
Received Import Request.
  Time since last request: 0.000226 seconds.
  path: Assets/Magic Leap/Prefabs/DeepSpaceExplorerPlanet.prefab
  artifactKey: Guid(73bf8012fc57b72478571e19ed503ed4) Importer(815301076,1909f56bfc062723c751e8b465ee728b)
Start importing Assets/Magic Leap/Prefabs/DeepSpaceExplorerPlanet.prefab using Guid(73bf8012fc57b72478571e19ed503ed4) Importer(815301076,1909f56bfc062723c751e8b465ee728b)  -> (artifact id: '490a2bf2b8a73db5aed3b7311c57651a') in 0.003053 seconds 
========================================================================
Received Import Request.
  Time since last request: 0.000201 seconds.
  path: Assets/Magic Leap/Prefabs/DeepSeaExplorerLauncher.prefab
  artifactKey: Guid(73680f7d1a9dadb40bb5ce6abd58e1be) Importer(815301076,1909f56bfc062723c751e8b465ee728b)
Start importing Assets/Magic Leap/Prefabs/DeepSeaExplorerLauncher.prefab using Guid(73680f7d1a9dadb40bb5ce6abd58e1be) Importer(815301076,1909f56bfc062723c751e8b465ee728b)  -> (artifact id: '6660907182a1a00d825734387725afc2') in 0.003052 seconds 
========================================================================
Received Import Request.
  Time since last request: 0.000197 seconds.
  path: Assets/Magic Leap/Prefabs/ImageTrackerVisualizer.prefab
  artifactKey: Guid(1c006f953eda23f41b97d4167b477e33) Importer(815301076,1909f56bfc062723c751e8b465ee728b)
Start importing Assets/Magic Leap/Prefabs/ImageTrackerVisualizer.prefab using Guid(1c006f953eda23f41b97d4167b477e33) Importer(815301076,1909f56bfc062723c751e8b465ee728b)  -> (artifact id: '158839670c7ef5353f62b8d5b5da196c') in 0.003750 seconds 
========================================================================
Received Import Request.
  Time since last request: 0.000206 seconds.
  path: Assets/Magic Leap/Prefabs/DeepSeaExplorer.prefab
  artifactKey: Guid(f1e854ec1a6715e4086f0efb1215f9f0) Importer(815301076,1909f56bfc062723c751e8b465ee728b)
Start importing Assets/Magic Leap/Prefabs/DeepSeaExplorer.prefab using Guid(f1e854ec1a6715e4086f0efb1215f9f0) Importer(815301076,1909f56bfc062723c751e8b465ee728b)  -> (artifact id: '9760101f156944899896f5cf014babef') in 0.008298 seconds 
========================================================================
Received Import Request.
  Time since last request: 0.000224 seconds.
  path: Assets/Magic Leap/Prefabs/RaycastVisualizer.prefab
  artifactKey: Guid(cdf80d4bea0bfe340befeb60fe22fa62) Importer(815301076,1909f56bfc062723c751e8b465ee728b)
Start importing Assets/Magic Leap/Prefabs/RaycastVisualizer.prefab using Guid(cdf80d4bea0bfe340befeb60fe22fa62) Importer(815301076,1909f56bfc062723c751e8b465ee728b)  -> (artifact id: '3bd6cfcbf1fe82d4320081736550ba87') in 0.003156 seconds 
========================================================================
Received Import Request.
  Time since last request: 0.000208 seconds.
  path: Assets/Magic Leap/Prefabs/Ruler.prefab
  artifactKey: Guid(3d8d589e6076ef249a9f32784cf3742f) Importer(815301076,1909f56bfc062723c751e8b465ee728b)
Start importing Assets/Magic Leap/Prefabs/Ruler.prefab using Guid(3d8d589e6076ef249a9f32784cf3742f) Importer(815301076,1909f56bfc062723c751e8b465ee728b)  -> (artifact id: '6e5330bbb104f0b6dc15f2369647e6f5') in 0.003041 seconds 
========================================================================
Received Import Request.
  Time since last request: 0.000199 seconds.
  path: Assets/Magic Leap/Prefabs/HandMesh.prefab
  artifactKey: Guid(4f3fc2f13524d034db533d86c259486b) Importer(815301076,1909f56bfc062723c751e8b465ee728b)
Start importing Assets/Magic Leap/Prefabs/HandMesh.prefab using Guid(4f3fc2f13524d034db533d86c259486b) Importer(815301076,1909f56bfc062723c751e8b465ee728b)  -> (artifact id: 'e3983d5d60fa00fc76c7b5dcc592d0f0') in 0.005383 seconds 
========================================================================
Received Import Request.
  Time since last request: 0.000259 seconds.
  path: Assets/Magic Leap/Prefabs/ControllerStatus.prefab
  artifactKey: Guid(3aae518756c7a3c46bf2b24558dc5b77) Importer(815301076,1909f56bfc062723c751e8b465ee728b)
Start importing Assets/Magic Leap/Prefabs/ControllerStatus.prefab using Guid(3aae518756c7a3c46bf2b24558dc5b77) Importer(815301076,1909f56bfc062723c751e8b465ee728b)  -> (artifact id: 'ca9100bdd88e8b6e8bd337c7a39bfda8') in 0.003983 seconds 
========================================================================
Received Import Request.
  Time since last request: 0.000216 seconds.
  path: Assets/Magic Leap/Prefabs/HeadposeCanvas.prefab
  artifactKey: Guid(dcbf1437f0912414da095cb522586e5c) Importer(815301076,1909f56bfc062723c751e8b465ee728b)
Start importing Assets/Magic Leap/Prefabs/HeadposeCanvas.prefab using Guid(dcbf1437f0912414da095cb522586e5c) Importer(815301076,1909f56bfc062723c751e8b465ee728b)  -> (artifact id: '73c71972604d2a4956b5018f352a4262') in 0.003917 seconds 
========================================================================
Received Import Request.
  Time since last request: 0.000177 seconds.
  path: Assets/Magic Leap/Prefabs/HandVisualizer.prefab
  artifactKey: Guid(7db5f263d5fb4944aae1ca2478e40124) Importer(815301076,1909f56bfc062723c751e8b465ee728b)
Start importing Assets/Magic Leap/Prefabs/HandVisualizer.prefab using Guid(7db5f263d5fb4944aae1ca2478e40124) Importer(815301076,1909f56bfc062723c751e8b465ee728b)  -> (artifact id: 'ae62230f1ff39148f21a1e152d091a25') in 0.018456 seconds 
========================================================================
Received Import Request.
  Time since last request: 0.000194 seconds.
  path: Assets/Magic Leap/Prefabs/DeepSpaceExplorerLauncher.prefab
  artifactKey: Guid(ea3db0935507c384093f344b405b9e42) Importer(815301076,1909f56bfc062723c751e8b465ee728b)
Start importing Assets/Magic Leap/Prefabs/DeepSpaceExplorerLauncher.prefab using Guid(ea3db0935507c384093f344b405b9e42) Importer(815301076,1909f56bfc062723c751e8b465ee728b)  -> (artifact id: '307070c5612766be2258d39cabca21fb') in 0.003076 seconds 
========================================================================
Received Import Request.
  Time since last request: 3.729369 seconds.
  path: Assets/Magic Leap/Prefabs/WireframeCube.prefab
  artifactKey: Guid(869fbdf6b6425694eb465928f60e4646) Importer(815301076,1909f56bfc062723c751e8b465ee728b)
Start importing Assets/Magic Leap/Prefabs/WireframeCube.prefab using Guid(869fbdf6b6425694eb465928f60e4646) Importer(815301076,1909f56bfc062723c751e8b465ee728b)  -> (artifact id: '920000f08c61ff8152d75a7f65ba2f05') in 0.008539 seconds 
========================================================================
Received Import Request.
  Time since last request: 0.000254 seconds.
  path: Assets/Magic Leap/Prefabs/WorldPlanesVisualizer.prefab
  artifactKey: Guid(336143c28feaece478bf9cdef461a3ae) Importer(815301076,1909f56bfc062723c751e8b465ee728b)
Start importing Assets/Magic Leap/Prefabs/WorldPlanesVisualizer.prefab using Guid(336143c28feaece478bf9cdef461a3ae) Importer(815301076,1909f56bfc062723c751e8b465ee728b)  -> (artifact id: '0ef037541152bcf28ec43de32a735c7a') in 0.005602 seconds 
========================================================================
Received Import Request.
  Time since last request: 130.922051 seconds.
  path: Assets/Magic Leap/Prefabs/MobileAppController.prefab
  artifactKey: Guid(23be1615fdbf7084cadd8e8c431db908) Importer(815301076,1909f56bfc062723c751e8b465ee728b)
Start importing Assets/Magic Leap/Prefabs/MobileAppController.prefab using Guid(23be1615fdbf7084cadd8e8c431db908) Importer(815301076,1909f56bfc062723c751e8b465ee728b)  -> (artifact id: '6b346e2af86dc5f0b743fc239ea18ea3') in 0.129343 seconds 
========================================================================
Received Import Request.
  Time since last request: 0.000235 seconds.
  path: Assets/Magic Leap/Prefabs/WacomTabletVisualizer.prefab
  artifactKey: Guid(8d5f547699d914c888166571fc1b0a59) Importer(815301076,1909f56bfc062723c751e8b465ee728b)
Start importing Assets/Magic Leap/Prefabs/WacomTabletVisualizer.prefab using Guid(8d5f547699d914c888166571fc1b0a59) Importer(815301076,1909f56bfc062723c751e8b465ee728b)  -> (artifact id: '15e8a70a41a8628ace81884de3074011') in 0.005437 seconds 
========================================================================
Received Import Request.
  Time since last request: 29.512784 seconds.
  path: Assets/Magic Leap/Prefabs/Resources/PrivilegeDeniedError.prefab
  artifactKey: Guid(095890d8c9bde1a45b549a17e6e6f961) Importer(815301076,1909f56bfc062723c751e8b465ee728b)
Start importing Assets/Magic Leap/Prefabs/Resources/PrivilegeDeniedError.prefab using Guid(095890d8c9bde1a45b549a17e6e6f961) Importer(815301076,1909f56bfc062723c751e8b465ee728b)  -> (artifact id: '8c661d28ebfb9ded7f25d940e172fbdf') in 0.030645 seconds 
========================================================================
Received Import Request.
  Time since last request: 4.042039 seconds.
  path: Assets/Magic Leap/Models/Controller
  artifactKey: Guid(34bf67ef1eaf949ae96d8cd8c308ac9b) Importer(815301076,1909f56bfc062723c751e8b465ee728b)
Start importing Assets/Magic Leap/Models/Controller using Guid(34bf67ef1eaf949ae96d8cd8c308ac9b) Importer(815301076,1909f56bfc062723c751e8b465ee728b)  -> (artifact id: '4be03c9508941bf5d5f15efc1427e2be') in 0.007341 seconds 
========================================================================
Received Import Request.
  Time since last request: 5.038073 seconds.
  path: Assets/Magic Leap/Models/Controller/Materials
  artifactKey: Guid(af96fde039375ba46b9191dd4e5e89ab) Importer(815301076,1909f56bfc062723c751e8b465ee728b)
Start importing Assets/Magic Leap/Models/Controller/Materials using Guid(af96fde039375ba46b9191dd4e5e89ab) Importer(815301076,1909f56bfc062723c751e8b465ee728b)  -> (artifact id: 'b273df3881e42bbd164098bcbe67443c') in 0.006068 seconds 
========================================================================
Received Import Request.
  Time since last request: 0.056285 seconds.
  path: Assets/Magic Leap/Models/Controller/Materials/Controller.mat
  artifactKey: Guid(d89a73bc826d4d248b1cde764731779a) Importer(815301076,1909f56bfc062723c751e8b465ee728b)
Start importing Assets/Magic Leap/Models/Controller/Materials/Controller.mat using Guid(d89a73bc826d4d248b1cde764731779a) Importer(815301076,1909f56bfc062723c751e8b465ee728b)  -> (artifact id: 'e9e448dcabb4b300d9ec7c6a67fe82ae') in 0.362721 seconds 
========================================================================
Received Import Request.
  Time since last request: 0.000330 seconds.
  path: Assets/Magic Leap/Models/Controller/Materials/MobileDevice_Dot_Grid.mat
  artifactKey: Guid(13eafd56208ff3b43a7b9df3fb279794) Importer(815301076,1909f56bfc062723c751e8b465ee728b)
Start importing Assets/Magic Leap/Models/Controller/Materials/MobileDevice_Dot_Grid.mat using Guid(13eafd56208ff3b43a7b9df3fb279794) Importer(815301076,1909f56bfc062723c751e8b465ee728b)  -> (artifact id: '016d5555525c760b8b1e78e3cfff1c89') in 0.014523 seconds 
========================================================================
Received Import Request.
  Time since last request: 0.000473 seconds.
  path: Assets/Magic Leap/Models/Controller/Materials/MobileDevice.mat
  artifactKey: Guid(39518081c3690494380a8dece4faef00) Importer(815301076,1909f56bfc062723c751e8b465ee728b)
Start importing Assets/Magic Leap/Models/Controller/Materials/MobileDevice.mat using Guid(39518081c3690494380a8dece4faef00) Importer(815301076,1909f56bfc062723c751e8b465ee728b)  -> (artifact id: '5dad36573e9e06763cdde9abbd0024e2') in 0.015875 seconds 
========================================================================
Received Import Request.
  Time since last request: 0.000175 seconds.
  path: Assets/Magic Leap/Models/Controller/Materials/MobileDevice_Leaper.mat
  artifactKey: Guid(4931dee9c1bb8324ca1f58a6649eb10c) Importer(815301076,1909f56bfc062723c751e8b465ee728b)
Start importing Assets/Magic Leap/Models/Controller/Materials/MobileDevice_Leaper.mat using Guid(4931dee9c1bb8324ca1f58a6649eb10c) Importer(815301076,1909f56bfc062723c751e8b465ee728b)  -> (artifact id: 'aecae6d54094bb3970e597dc145f78d3') in 0.292107 seconds 
========================================================================
Received Import Request.
  Time since last request: 0.000218 seconds.
  path: Assets/Magic Leap/Models/Controller/Materials/MobileDevice_Button.mat
  artifactKey: Guid(e37bbdaf5fb1fee4aac5a619d6e53a90) Importer(815301076,1909f56bfc062723c751e8b465ee728b)
Start importing Assets/Magic Leap/Models/Controller/Materials/MobileDevice_Button.mat using Guid(e37bbdaf5fb1fee4aac5a619d6e53a90) Importer(815301076,1909f56bfc062723c751e8b465ee728b)  -> (artifact id: 'd9a9cacdec3f0119497a0185f4448bf6') in 0.012399 seconds 
========================================================================
Received Import Request.
  Time since last request: 0.000407 seconds.
  path: Assets/Magic Leap/Models/Controller/Materials/TouchpadArrow.mat
  artifactKey: Guid(0b98aa06d95ff43ad9a0b9cf9003c331) Importer(815301076,1909f56bfc062723c751e8b465ee728b)
Start importing Assets/Magic Leap/Models/Controller/Materials/TouchpadArrow.mat using Guid(0b98aa06d95ff43ad9a0b9cf9003c331) Importer(815301076,1909f56bfc062723c751e8b465ee728b)  -> (artifact id: '96b10f67934bf9acbdb10e43cd8d8fd5') in 0.273529 seconds 
========================================================================
Received Import Request.
  Time since last request: 0.000214 seconds.
  path: Assets/Magic Leap/Models/Controller/Materials/DepthMask.mat
  artifactKey: Guid(e887ade6c40807047a86f5632bd21680) Importer(815301076,1909f56bfc062723c751e8b465ee728b)
Start importing Assets/Magic Leap/Models/Controller/Materials/DepthMask.mat using Guid(e887ade6c40807047a86f5632bd21680) Importer(815301076,1909f56bfc062723c751e8b465ee728b)  -> (artifact id: '510a7d1cb0728409ef41f2905b1ae300') in 0.025255 seconds 
========================================================================
Received Import Request.
  Time since last request: 0.000196 seconds.
  path: Assets/Magic Leap/Models/Controller/Materials/Touchpad.mat
  artifactKey: Guid(b605e4607075f3b4c8addeb0540d2910) Importer(815301076,1909f56bfc062723c751e8b465ee728b)
Start importing Assets/Magic Leap/Models/Controller/Materials/Touchpad.mat using Guid(b605e4607075f3b4c8addeb0540d2910) Importer(815301076,1909f56bfc062723c751e8b465ee728b)  -> (artifact id: '0027f56bce34fd90da4db55cf66435b7') in 0.008199 seconds 
========================================================================
Received Prepare
Registering precompiled user dll's ...
Registered in 0.004509 seconds.
Begin MonoManager ReloadAssembly
Symbol file LoadedFromMemory doesn't match image /Users/betty/Documents/GitHub/Laval/Laval/Library/PackageCache/com.unity.collab-proxy@1.15.15/Lib/Editor/PlasticSCM/unityplastic.dll
Native extension for Lumin target not found
Native extension for OSXStandalone target not found
Refreshing native plugins compatible for Editor in 4.35 ms, found 4 plugins.
Preloading 1 native plugins for Editor in 1.09 ms.
2022-04-11 23:42:04.092 Unity[62280:1442911] NSEventModifierFlagFunction specified to -setKeyEquivalentModifierMask: for item <NSMenuItem: 0x600000725f80 Font Asset, ke='Command-F12'>, but is only supported for system-provided menu items; will not be used
Mono: successfully reloaded assembly
- Completed reload, in  3.677 seconds
Domain Reload Profiling:
	ReloadAssembly (3686ms)
		BeginReloadAssembly (462ms)
			ExecutionOrderSort (0ms)
			DisableScriptedObjects (54ms)
			BackupInstance (0ms)
			ReleaseScriptingObjects (1ms)
			CreateAndSetChildDomain (206ms)
		EndReloadAssembly (3087ms)
			LoadAssemblies (350ms)
			RebuildTransferFunctionScriptingTraits (0ms)
			SetupTypeCache (512ms)
			ReleaseScriptCaches (3ms)
			RebuildScriptCaches (61ms)
			SetupLoadedEditorAssemblies (1635ms)
				LogAssemblyErrors (0ms)
				InitializePlatformSupportModulesInManaged (17ms)
				SetLoadedEditorAssemblies (2ms)
				RefreshPlugins (5ms)
				BeforeProcessingInitializeOnLoad (498ms)
				ProcessInitializeOnLoadAttributes (1082ms)
				ProcessInitializeOnLoadMethodAttributes (30ms)
				AfterProcessingInitializeOnLoad (1ms)
				EditorAssembliesLoaded (0ms)
			ExecutionOrderSort2 (0ms)
			AwakeInstancesAfterBackupRestoration (33ms)
Platform modules already initialized, skipping
Refreshing native plugins compatible for Editor in 0.77 ms, found 4 plugins.
Preloading 1 native plugins for Editor in 0.25 ms.
Unloading 3950 Unused Serialized files (Serialized files now loaded: 0)
System memory in use before: 337.2 MB.
System memory in use after: 332.9 MB.

Unloading 80 unused Assets to reduce memory usage. Loaded Objects now: 4453.
Total: 6.901667 ms (FindLiveObjects: 0.233875 ms CreateObjectMapping: 0.147208 ms MarkObjects: 4.316125 ms  DeleteObjects: 2.202459 ms)

AssetImportParameters requested are different than current active one (requested -> active):
  custom:video-decoder-ogg-theora: a1e56fd34408186e4bbccfd4996cb3dc -> 
  custom:container-muxer-webm: aa71ff27fc2769a1b78a27578f13a17b -> 
  custom:container-demuxer-webm: 4f35f7cbe854078d1ac9338744f61a02 -> 
  custom:container-demuxer-ogg: 62fdf1f143b41e24485cea50d1cbac27 -> 
  custom:video-encoder-webm-vp8: eb34c28f22e8b96e1ab97ce403110664 -> 
  custom:framework-osx-AVFoundation: e770b220cccbd017edd2c1fefb359320 -> 
  custom:video-decoder-webm-vp8: 9c59270c3fd7afecdb556c50c9e8de78 -> 
  custom:audio-decoder-ogg-vorbis: bf7c407c2cedff20999df2af8eb42d56 -> 
  custom:audio-encoder-webm-vorbis: bf7c407c2cedff20999df2af8eb42d56 -> 
========================================================================
Received Prepare
Registering precompiled user dll's ...
Registered in 0.008218 seconds.
Begin MonoManager ReloadAssembly
Symbol file LoadedFromMemory doesn't match image /Users/betty/Documents/GitHub/Laval/Laval/Library/PackageCache/com.unity.collab-proxy@1.15.15/Lib/Editor/PlasticSCM/unityplastic.dll
Native extension for Lumin target not found
Native extension for OSXStandalone target not found
Refreshing native plugins compatible for Editor in 0.97 ms, found 4 plugins.
Preloading 1 native plugins for Editor in 0.52 ms.
2022-04-11 23:44:21.056 Unity[62280:1442911] NSEventModifierFlagFunction specified to -setKeyEquivalentModifierMask: for item <NSMenuItem: 0x600000702ed0 Font Asset, ke='Command-F12'>, but is only supported for system-provided menu items; will not be used
Mono: successfully reloaded assembly
- Completed reload, in  3.126 seconds
Domain Reload Profiling:
	ReloadAssembly (3129ms)
		BeginReloadAssembly (436ms)
			ExecutionOrderSort (0ms)
			DisableScriptedObjects (57ms)
			BackupInstance (0ms)
			ReleaseScriptingObjects (0ms)
			CreateAndSetChildDomain (159ms)
		EndReloadAssembly (2587ms)
			LoadAssemblies (335ms)
			RebuildTransferFunctionScriptingTraits (0ms)
			SetupTypeCache (447ms)
			ReleaseScriptCaches (2ms)
			RebuildScriptCaches (52ms)
			SetupLoadedEditorAssemblies (1312ms)
				LogAssemblyErrors (0ms)
				InitializePlatformSupportModulesInManaged (11ms)
				SetLoadedEditorAssemblies (2ms)
				RefreshPlugins (2ms)
				BeforeProcessingInitializeOnLoad (309ms)
				ProcessInitializeOnLoadAttributes (957ms)
				ProcessInitializeOnLoadMethodAttributes (30ms)
				AfterProcessingInitializeOnLoad (1ms)
				EditorAssembliesLoaded (0ms)
			ExecutionOrderSort2 (0ms)
			AwakeInstancesAfterBackupRestoration (39ms)
Platform modules already initialized, skipping
Refreshing native plugins compatible for Editor in 0.75 ms, found 4 plugins.
Preloading 1 native plugins for Editor in 0.28 ms.
Unloading 3949 Unused Serialized files (Serialized files now loaded: 0)
System memory in use before: 337.3 MB.
System memory in use after: 333.0 MB.

Unloading 74 unused Assets to reduce memory usage. Loaded Objects now: 4457.
Total: 4.836750 ms (FindLiveObjects: 0.231542 ms CreateObjectMapping: 0.109417 ms MarkObjects: 2.529583 ms  DeleteObjects: 1.965375 ms)

AssetImportParameters requested are different than current active one (requested -> active):
  custom:video-decoder-ogg-theora: a1e56fd34408186e4bbccfd4996cb3dc -> 
  custom:container-muxer-webm: aa71ff27fc2769a1b78a27578f13a17b -> 
  custom:container-demuxer-webm: 4f35f7cbe854078d1ac9338744f61a02 -> 
  custom:container-demuxer-ogg: 62fdf1f143b41e24485cea50d1cbac27 -> 
  custom:video-encoder-webm-vp8: eb34c28f22e8b96e1ab97ce403110664 -> 
  custom:framework-osx-AVFoundation: e770b220cccbd017edd2c1fefb359320 -> 
  custom:video-decoder-webm-vp8: 9c59270c3fd7afecdb556c50c9e8de78 -> 
  custom:audio-decoder-ogg-vorbis: bf7c407c2cedff20999df2af8eb42d56 -> 
  custom:audio-encoder-webm-vorbis: bf7c407c2cedff20999df2af8eb42d56 -> 
