Unity Editor version:    2021.2.18f1 (0c6e675195cf)
Branch:                  2021.2/staging
Build type:              Release
Batch mode:              YES
macOS version:           Version 12.1 (Build 21C52)
Darwin version:          21.2.0
Architecture:            arm64
Running under Rosetta:   NO
Available memory:        8192 MB
Using pre-set license
Pro License: NO

COMMAND LINE ARGUMENTS:
/Applications/Unity/Hub/Editor/2021.2.18f1/Unity.app/Contents/MacOS/Unity
-adb2
-batchMode
-noUpm
-name
AssetImportWorker5
-projectPath
/Users/betty/Documents/GitHub/Laval/Laval
-logFile
Logs/AssetImportWorker5.log
-srvPort
52383
Successfully changed project path to: /Users/betty/Documents/GitHub/Laval/Laval
/Users/betty/Documents/GitHub/Laval/Laval
[UnityMemory] Configuration Parameters - Can be set up in boot.config
    "memorysetup-bucket-allocator-granularity=16"
    "memorysetup-bucket-allocator-bucket-count=8"
    "memorysetup-bucket-allocator-block-size=33554432"
    "memorysetup-bucket-allocator-block-count=8"
    "memorysetup-main-allocator-block-size=16777216"
    "memorysetup-thread-allocator-block-size=16777216"
    "memorysetup-gfx-main-allocator-block-size=16777216"
    "memorysetup-gfx-thread-allocator-block-size=16777216"
    "memorysetup-cache-allocator-block-size=4194304"
    "memorysetup-typetree-allocator-block-size=2097152"
    "memorysetup-profiler-bucket-allocator-granularity=16"
    "memorysetup-profiler-bucket-allocator-bucket-count=8"
    "memorysetup-profiler-bucket-allocator-block-size=33554432"
    "memorysetup-profiler-bucket-allocator-block-count=8"
    "memorysetup-profiler-allocator-block-size=16777216"
    "memorysetup-profiler-editor-allocator-block-size=1048576"
    "memorysetup-temp-allocator-size-main=16777216"
    "memorysetup-job-temp-allocator-block-size=2097152"
    "memorysetup-job-temp-allocator-block-size-background=1048576"
    "memorysetup-job-temp-allocator-reduction-small-platforms=262144"
    "memorysetup-temp-allocator-size-background-worker=32768"
    "memorysetup-temp-allocator-size-job-worker=262144"
    "memorysetup-temp-allocator-size-preload-manager=33554432"
    "memorysetup-temp-allocator-size-nav-mesh-worker=65536"
    "memorysetup-temp-allocator-size-audio-worker=65536"
    "memorysetup-temp-allocator-size-cloud-worker=32768"
    "memorysetup-temp-allocator-size-gi-baking-worker=262144"
    "memorysetup-temp-allocator-size-gfx=262144"
Refreshing native plugins compatible for Editor in 16.38 ms, found 0 plugins.
Preloading 0 native plugins for Editor in 0.00 ms.
Initialize engine version: 2021.2.18f1 (0c6e675195cf)
[Subsystems] Discovering subsystems at path /Applications/Unity/Hub/Editor/2021.2.18f1/Unity.app/Contents/Resources/UnitySubsystems
[Subsystems] Discovering subsystems at path /Users/betty/Documents/GitHub/Laval/Laval/Assets
GfxDevice: creating device client; threaded=0; jobified=0
 preferred device: Apple M1 (high power)
Metal devices available: 1
0: Apple M1 (high power)
Using device Apple M1 (high power)
Initializing Metal device caps: Apple M1
Initialize mono
Mono path[0] = '/Applications/Unity/Hub/Editor/2021.2.18f1/Unity.app/Contents/Managed'
Mono path[1] = '/Applications/Unity/Hub/Editor/2021.2.18f1/Unity.app/Contents/MonoBleedingEdge/lib/mono/unityjit-macos'
Mono config path = '/Applications/Unity/Hub/Editor/2021.2.18f1/Unity.app/Contents/MonoBleedingEdge/etc'
Using monoOptions --debugger-agent=transport=dt_socket,embedding=1,server=y,suspend=n,address=127.0.0.1:56414
Begin MonoManager ReloadAssembly
Registering precompiled unity dll's ...
Register platform support module: /Applications/Unity/Hub/Editor/2021.2.18f1/PlaybackEngines/WebGLSupport/UnityEditor.WebGL.Extensions.dll
Register platform support module: /Applications/Unity/Hub/Editor/2021.2.18f1/Unity.app/Contents/PlaybackEngines/MacStandaloneSupport/UnityEditor.OSXStandalone.Extensions.dll
Registered in 0.001535 seconds.
Native extension for OSXStandalone target not found
Native extension for WebGL target not found

=================================================================
	Native Crash Reporting
=================================================================
Got a segv while executing native code. This usually indicates
a fatal error in the mono runtime or one of the native libraries 
used by your application.
=================================================================

=================================================================
	Native stacktrace:
=================================================================
	0x1437479cc - /Applications/Unity/Hub/Editor/2021.2.18f1/Unity.app/Contents/Frameworks/MonoBleedingEdge/MonoEmbedRuntime/osx/libmonobdwgc-2.0.dylib : mono_dump_native_crash_info
	0x143709f50 - /Applications/Unity/Hub/Editor/2021.2.18f1/Unity.app/Contents/Frameworks/MonoBleedingEdge/MonoEmbedRuntime/osx/libmonobdwgc-2.0.dylib : mono_handle_native_crash
	0x1436928b4 - /Applications/Unity/Hub/Editor/2021.2.18f1/Unity.app/Contents/Frameworks/MonoBleedingEdge/MonoEmbedRuntime/osx/libmonobdwgc-2.0.dylib : mono_sigsegv_signal_handler_debug
	0x1c4c8c4e4 - /usr/lib/system/libsystem_platform.dylib : _sigtramp
	0x1020cf0c4 - /Applications/Unity/Hub/Editor/2021.2.18f1/Unity.app/Contents/MacOS/Unity : _ZL18MatchSpecificAssetR17AssetStateContextRK20ArtifactDependenciesRK11ArtifactKeyRKN4core12basic_stringIcNS7_20StringStorageDefaultIcEEEER13dynamic_arrayIS4_Lm0EERmRb
	0x1020bd8a0 - /Applications/Unity/Hub/Editor/2021.2.18f1/Unity.app/Contents/MacOS/Unity : _Z10MatchAssetR17AssetStateContextRK11ArtifactKeyR13dynamic_arrayIS1_Lm0EERm
	0x1020bdb9c - /Applications/Unity/Hub/Editor/2021.2.18f1/Unity.app/Contents/MacOS/Unity : _Z10MatchAssetR17AssetStateContextRK11ArtifactKey
	0x10202af28 - /Applications/Unity/Hub/Editor/2021.2.18f1/Unity.app/Contents/MacOS/Unity : _ZN13AssetResolver27CalculateAssetStateInternalERK11ArtifactKey
	0x10202a870 - /Applications/Unity/Hub/Editor/2021.2.18f1/Unity.app/Contents/MacOS/Unity : _ZN13AssetResolver19CalculateAssetStateERK11ArtifactKeyb
	0x10202a680 - /Applications/Unity/Hub/Editor/2021.2.18f1/Unity.app/Contents/MacOS/Unity : _ZN13AssetResolver12ResolveAssetERK11ArtifactKeyb
	0x10203c2ec - /Applications/Unity/Hub/Editor/2021.2.18f1/Unity.app/Contents/MacOS/Unity : _Z28FindAssetsWithImporterTypeV2PKN5Unity4TypeERN4core8hash_setI9UnityGUIDNS3_4hashIS5_EENSt3__18equal_toIS5_EEEEN13AssetDatabase14ImportSyncModeE
	0x10203cdf8 - /Applications/Unity/Hub/Editor/2021.2.18f1/Unity.app/Contents/MacOS/Unity : _Z20FindAssetImportersV2PKN5Unity4TypeER13dynamic_arrayIP13AssetImporterLm0EEN13AssetDatabase14ImportSyncModeE
	0x101b0f914 - /Applications/Unity/Hub/Editor/2021.2.18f1/Unity.app/Contents/MacOS/Unity : _ZN13PluginManager14RefreshPluginsEb
	0x100d55f94 - /Applications/Unity/Hub/Editor/2021.2.18f1/Unity.app/Contents/MacOS/Unity : _ZN11MonoManager27SetupLoadedEditorAssembliesERK13dynamic_arrayIiLm0EE
	0x100d58300 - /Applications/Unity/Hub/Editor/2021.2.18f1/Unity.app/Contents/MacOS/Unity : _ZN11MonoManager17EndReloadAssemblyER19DomainReloadingData14dynamic_bitset
	0x100d565c8 - /Applications/Unity/Hub/Editor/2021.2.18f1/Unity.app/Contents/MacOS/Unity : _ZN11MonoManager14ReloadAssemblyEv
	0x10189d804 - /Applications/Unity/Hub/Editor/2021.2.18f1/Unity.app/Contents/MacOS/Unity : _Z23LoadUnityMonoAssembliesv
	0x101c2ac5c - /Applications/Unity/Hub/Editor/2021.2.18f1/Unity.app/Contents/MacOS/Unity : _ZN11Application17InitializeProjectEv
	0x1029b3294 - /Applications/Unity/Hub/Editor/2021.2.18f1/Unity.app/Contents/MacOS/Unity : -[EditorApplication applicationDidFinishLaunching:]
	0x1c4d35200 - /System/Library/Frameworks/CoreFoundation.framework/Versions/A/CoreFoundation : __CFNOTIFICATIONCENTER_IS_CALLING_OUT_TO_AN_OBSERVER__
	0x1c4dd8b84 - /System/Library/Frameworks/CoreFoundation.framework/Versions/A/CoreFoundation : ___CFXRegistrationPost_block_invoke
	0x1c4dd8af0 - /System/Library/Frameworks/CoreFoundation.framework/Versions/A/CoreFoundation : _CFXRegistrationPost
	0x1c4d03eb0 - /System/Library/Frameworks/CoreFoundation.framework/Versions/A/CoreFoundation : _CFXNotificationPost
	0x1c5bb9e3c - /System/Library/Frameworks/Foundation.framework/Versions/C/Foundation : -[NSNotificationCenter postNotificationName:object:userInfo:]
	0x1c789d9f0 - /System/Library/Frameworks/AppKit.framework/Versions/C/AppKit : -[NSApplication _postDidFinishNotification]
	0x1c789d708 - /System/Library/Frameworks/AppKit.framework/Versions/C/AppKit : -[NSApplication _sendFinishLaunchingNotification]
	0x1c789b108 - /System/Library/Frameworks/AppKit.framework/Versions/C/AppKit : -[NSApplication(NSAppleEventHandling) _handleAEOpenEvent:]
	0x1c789acf0 - /System/Library/Frameworks/AppKit.framework/Versions/C/AppKit : -[NSApplication(NSAppleEventHandling) _handleCoreEvent:withReplyEvent:]
	0x1c5be67c4 - /System/Library/Frameworks/Foundation.framework/Versions/C/Foundation : -[NSAppleEventManager dispatchRawAppleEvent:withRawReply:handlerRefCon:]
	0x1c5be6600 - /System/Library/Frameworks/Foundation.framework/Versions/C/Foundation : _NSAppleEventManagerGenericHandler
	0x1cb4d575c - /System/Library/Frameworks/CoreServices.framework/Versions/A/Frameworks/AE.framework/Versions/A/AE : _AppleEventsCheckInAppWithBlock
	0x1cb4d50b4 - /System/Library/Frameworks/CoreServices.framework/Versions/A/Frameworks/AE.framework/Versions/A/AE : _AppleEventsCheckInAppWithBlock
	0x1cb4cdf84 - /System/Library/Frameworks/CoreServices.framework/Versions/A/Frameworks/AE.framework/Versions/A/AE : aeProcessAppleEvent
	0x1cd8e23b0 - /System/Library/Frameworks/Carbon.framework/Versions/A/Frameworks/HIToolbox.framework/Versions/A/HIToolbox : AEProcessAppleEvent
	0x1c78950cc - /System/Library/Frameworks/AppKit.framework/Versions/C/AppKit : _DPSNextEvent
	0x1c7893584 - /System/Library/Frameworks/AppKit.framework/Versions/C/AppKit : -[NSApplication(NSEvent) _nextEventMatchingEventMask:untilDate:inMode:dequeue:]
	0x1c78855a4 - /System/Library/Frameworks/AppKit.framework/Versions/C/AppKit : -[NSApplication run]
	0x1c7856c78 - /System/Library/Frameworks/AppKit.framework/Versions/C/AppKit : NSApplicationMain
	0x1029b1798 - /Applications/Unity/Hub/Editor/2021.2.18f1/Unity.app/Contents/MacOS/Unity : _Z10EditorMainiPPKc
	0x1029b1ad0 - /Applications/Unity/Hub/Editor/2021.2.18f1/Unity.app/Contents/MacOS/Unity : main
	0x1060890f4 - Unknown

=================================================================
	Telemetry Dumper:
=================================================================
Pkilling 0x6205681664x from 0x4396664192x
Pkilling 0x6203535360x from 0x4396664192x
Entering thread summarizer pause from 0x4396664192x
Finished thread summarizer pause from 0x4396664192x.
Failed to create breadcrumb file (null)/crash_hash_0x0
debugger-agent: Unable to listen on 32

Waiting for dumping threads to resume

=================================================================
	External Debugger Dump:
=================================================================

=================================================================
	Basic Fault Address Reporting
=================================================================
Memory around native instruction pointer (0x1c4c89884):0x1c4c89874  c0 03 5f d6 1f 20 03 d5 1f 20 03 d5 01 ec 7c 92  .._.. ... ....|.
0x1c4c89884  20 00 c0 3d c3 f9 ff 10 62 04 c1 3c 02 0c 40 92   ..=....b..<..@.
0x1c4c89894  63 00 02 cb 61 00 c0 3d 00 1c a1 4e 05 00 00 14  c...a..=...N....
0x1c4c898a4  1f 20 03 d5 1f 20 03 d5 1f 20 03 d5 20 0c c1 3c  . ... ... .. ..<

=================================================================
	Managed Stacktrace:
=================================================================
=================================================================
Obtained 0 stack frames.
